2020-02-25 11:21:47
User_id: 3
Error: E_USER_NOTICE
URL: http://182.180.54.194/talenttube/join2.php?cmd=check_captcha&ajax=1&set_template_runtime=impact&site_part_runtime=main
File: /var/www/html/talenttube/_include/lib/mail.php
Line: 81
Message: send_mail(): Can't send mail via mail() function

Call stack:

File: /var/www/html/talenttube/_include/lib/mail.php (Line: 81)
Function: trigger_error

File: /var/www/html/talenttube/_include/current/common.class.php (Line: 395)
Function: send_mail

File: /var/www/html/talenttube/_include/current/encounters.class.php (Line: 182)
Class: Common
Function: sendAutomail

File: /var/www/html/talenttube/_include/current/mutualattractions.class.php (Line: 100)
Class: Encounters
Function: likeToMeet

File: /var/www/html/talenttube/_include/current/user.class.php (Line: 489)
Class: MutualAttractions
Function: setWantToMeet

File: /var/www/html/talenttube/join2.php (Line: 56)
Class: User
Function: add

File: /var/www/html/talenttube/_include/core/main_close.php (Line: 16)
Class: CJoin2
Function: action

File: /var/www/html/talenttube/join2.php (Line: 246)
Function: include

$_POST = Array
(
    [captcha] => ycph6
    [photo] => 
    [about_me] => sertr
    [interested_in] => eregtre
    [join_answers] => Array
        (
            [resident ] => no
            [casual_part] => yes
            [relocate] => no
            [job_type] => yes
            [work_type] => no
        )

    [users_like] => Array
        (
            [1] => 1
        )

)

---------

2020-02-25 13:18:34
User_id: 1
Error: E_ERROR
URL: http://182.180.54.194/talenttube/m/profile_view
File: /var/www/html/talenttube/_include/current/mutualattractions.class.php
Line: 131
Message: Uncaught Error: Call to undefined method MutualAttractions::getWhereWhoLikesYou() in /var/www/html/talenttube/_include/current/mutualattractions.class.php:131
Stack trace:
#0 /var/www/html/talenttube/m/_include/current/user_menu.php(220): MutualAttractions::getNumberMutualAttractions('getWhereWhoLike...')
#1 /var/www/html/talenttube/m/_include/current/user_menu.php(370): CUserMenu::parseMenu(Object(CHtml))
#2 /var/www/html/talenttube/_include/lib/block.php(294): CUserMenu->parseBlock(Object(CHtml))
#3 /var/www/html/talenttube/_include/lib/block.php(277): CHtmlBlock->parse(Object(CHtml))
#4 /var/www/html/talenttube/_include/lib/block.php(277): CHtmlBlock->parse(Object(CHtml))
#5 /var/www/html/talenttube/_include/core/main_close.php(19): CHtmlBlock->parse(NULL)
#6 /var/www/html/talenttube/m/_include/core/main_close.php(10): include('/var/www/html/t...')
#7 /var/www/html/talenttube/m/profile_view.php(134): include('/var/www/html/t...')
#8 {main}
  thrown

Call stack:

File:  (Line: )
Function: fatalScriptError

---------

2020-02-25 13:41:15
User_id: 1
Error: E_USER_NOTICE
URL: http://182.180.54.194/talenttube/salman
File: /var/www/html/talenttube/_include/lib/mail.php
Line: 81
Message: send_mail(): Can't send mail via mail() function

Call stack:

File: /var/www/html/talenttube/_include/lib/mail.php (Line: 81)
Function: trigger_error

File: /var/www/html/talenttube/_include/current/common.class.php (Line: 395)
Function: send_mail

File: /var/www/html/talenttube/_include/current/users.php (Line: 1743)
Class: Common
Function: sendAutomail

File: /var/www/html/talenttube/_include/lib/list.php (Line: 261)
Class: CUsersProfile
Function: onItem

File: /var/www/html/talenttube/_include/current/users.php (Line: 1105)
Class: CHtmlList
Function: parseBlock

File: /var/www/html/talenttube/_include/lib/block.php (Line: 294)
Class: CUsers
Function: parseBlock

File: /var/www/html/talenttube/_include/lib/block.php (Line: 277)
Class: CHtmlBlock
Function: parse

File: /var/www/html/talenttube/_include/core/main_close.php (Line: 19)
Class: CHtmlBlock
Function: parse

File: /var/www/html/talenttube/search_results.php (Line: 1019)
Function: include

File: /var/www/html/talenttube/router.php (Line: 16)
Function: include

$_POST = Array
(
    [ref] => people_nearby
    [ref_offset] => 1
)

---------

2020-02-25 15:50:11
User_id: 1
Error: E_USER_NOTICE
URL: http://182.180.54.194/talenttube/salman
File: /var/www/html/talenttube/_include/lib/mail.php
Line: 81
Message: send_mail(): Can't send mail via mail() function

Call stack:

File: /var/www/html/talenttube/_include/lib/mail.php (Line: 81)
Function: trigger_error

File: /var/www/html/talenttube/_include/current/common.class.php (Line: 395)
Function: send_mail

File: /var/www/html/talenttube/_include/current/users.php (Line: 1743)
Class: Common
Function: sendAutomail

File: /var/www/html/talenttube/_include/lib/list.php (Line: 261)
Class: CUsersProfile
Function: onItem

File: /var/www/html/talenttube/_include/current/users.php (Line: 1105)
Class: CHtmlList
Function: parseBlock

File: /var/www/html/talenttube/_include/lib/block.php (Line: 294)
Class: CUsers
Function: parseBlock

File: /var/www/html/talenttube/_include/lib/block.php (Line: 277)
Class: CHtmlBlock
Function: parse

File: /var/www/html/talenttube/_include/core/main_close.php (Line: 19)
Class: CHtmlBlock
Function: parse

File: /var/www/html/talenttube/search_results.php (Line: 1019)
Function: include

File: /var/www/html/talenttube/router.php (Line: 16)
Function: include

$_POST = Array
(
    [ref] => people_nearby
    [ref_offset] => 1
)

---------

2020-02-25 17:36:37
User_id: 1
Error: E_USER_NOTICE
URL: http://182.180.54.194/talenttube/salman
File: /var/www/html/talenttube/_include/lib/mail.php
Line: 81
Message: send_mail(): Can't send mail via mail() function

Call stack:

File: /var/www/html/talenttube/_include/lib/mail.php (Line: 81)
Function: trigger_error

File: /var/www/html/talenttube/_include/current/common.class.php (Line: 395)
Function: send_mail

File: /var/www/html/talenttube/_include/current/users.php (Line: 1743)
Class: Common
Function: sendAutomail

File: /var/www/html/talenttube/_include/lib/list.php (Line: 261)
Class: CUsersProfile
Function: onItem

File: /var/www/html/talenttube/_include/current/users.php (Line: 1105)
Class: CHtmlList
Function: parseBlock

File: /var/www/html/talenttube/_include/lib/block.php (Line: 294)
Class: CUsers
Function: parseBlock

File: /var/www/html/talenttube/_include/lib/block.php (Line: 277)
Class: CHtmlBlock
Function: parse

File: /var/www/html/talenttube/_include/core/main_close.php (Line: 19)
Class: CHtmlBlock
Function: parse

File: /var/www/html/talenttube/search_results.php (Line: 1019)
Function: include

File: /var/www/html/talenttube/router.php (Line: 16)
Function: include

---------

