2020-03-05 08:39:15
User_id: 0
Error: E_NOTICE
URL: http://localhost/talenttube/register.php
File: D:\laragon\www\talenttube\register.php
Line: 7
Message: Undefined index: state

Call stack:

$_POST = Array
(
    [firstname] => 
    [surname] => 
    [save] => 
    [mobile_no] => 
)

---------

2020-03-05 08:39:53
User_id: 0
Error: E_NOTICE
URL: http://localhost/talenttube/register.php
File: D:\laragon\www\talenttube\register.php
Line: 7
Message: Undefined index: state

Call stack:

$_POST = Array
(
    [firstname] => saaf
    [surname] => sdsd
    [save] => 
    [mobile_no] => adkfjla@gmail.com
)

---------

2020-03-05 08:40:58
User_id: 0
Error: E_NOTICE
URL: http://localhost/talenttube/register.php
File: D:\laragon\www\talenttube\register.php
Line: 7
Message: Undefined index: state

Call stack:

$_POST = Array
(
    [firstname] => saaf
    [surname] => sdsd
    [save] => 
    [mobile_no] => adkfjla@gmail.com
)

---------

2020-03-05 08:41:31
User_id: 0
Error: E_NOTICE
URL: http://localhost/talenttube/register.php
File: D:\laragon\www\talenttube\register.php
Line: 7
Message: Undefined index: state

Call stack:

$_POST = Array
(
    [firstname] => sdasd
    [surname] => sdas
    [save] => 
    [mobile_no] => dfjsjf@gmail.com
)

---------

2020-03-05 08:43:09
User_id: 0
Error: E_NOTICE
URL: http://localhost/talenttube/register.php
File: D:\laragon\www\talenttube\register.php
Line: 7
Message: Undefined index: state

Call stack:

$_POST = Array
(
    [firstname] => sdasd
    [surname] => sdas
    [save] => 
    [mobile_no] => dfjsjf@gmail.com
)

---------

2020-03-05 08:47:59
User_id: 0
Error: E_NOTICE
URL: http://localhost/talenttube/register.php
File: D:\laragon\www\talenttube\register.php
Line: 8
Message: Undefined index: state

Call stack:

$_POST = Array
(
    [firstname] => dfsf
    [surname] => dfdf
    [mobile_no] => dfdsfs@gmail.com
    [save] => 
)

---------

2020-03-05 09:02:24
User_id: 0
Error: E_NOTICE
URL: http://localhost/talenttube/register.php
File: D:\laragon\www\talenttube\register.php
Line: 5
Message: Undefined variable: city

Call stack:

$_POST = Array
(
    [firstname] => sas
    [surname] => khgg
    [save] => 
    [mobile_no] => 
)

---------

2020-03-05 09:04:15
User_id: 0
Error: E_NOTICE
URL: http://localhost/talenttube/register.php
File: D:\laragon\www\talenttube\register.php
Line: 3
Message: Undefined variable: userId

Call stack:

$_POST = Array
(
    [firstname] => sas
    [surname] => khgg
    [save] => 
    [mobile_no] => 
)

---------

2020-03-05 09:05:49
User_id: 0
Error: E_NOTICE
URL: http://localhost/talenttube/register.php
File: D:\laragon\www\talenttube\register.php
Line: 34
Message: Undefined index: state

Call stack:

$_POST = Array
(
    [firstname] => sdsds
    [surname] => sdasdas
    [mobile_no] => sdsds@gamil.com
    [save] => 
)

---------

2020-03-05 09:10:32
User_id: 0
Error: E_NOTICE
URL: http://localhost/talenttube/register.php
File: D:\laragon\www\talenttube\register.php
Line: 10
Message: Undefined index: state

Call stack:

$_POST = Array
(
    [firstname] => sasa
    [surname] => sdsd
    [mobile_no] => fkdjf@gmail.com
    [save] => 
)

---------

2020-03-05 10:12:08
User_id: 0
Error: E_NOTICE
URL: http://localhost/talenttube/register.php
File: D:\laragon\www\talenttube\register.php
Line: 10
Message: Undefined index: state

Call stack:

$_POST = Array
(
    [firstname] => dfdfd
    [surname] => rtrt
    [mobile_no] => dfdsjf@gmail.com
    [save] => 
)

---------

2020-03-05 10:18:26
User_id: 0
Error: E_NOTICE
URL: http://localhost/talenttube/register.php
File: D:\laragon\www\talenttube\register.php
Line: 10
Message: Undefined index: state

Call stack:

$_POST = Array
(
    [firstname] => dfdfd
    [surname] => rtrt
    [mobile_no] => dfdsjf@gmail.com
    [save] => 
)

---------

2020-03-05 10:18:57
User_id: 0
Error: E_NOTICE
URL: http://localhost/talenttube/register.php
File: D:\laragon\www\talenttube\register.php
Line: 10
Message: Undefined index: state

Call stack:

$_POST = Array
(
    [firstname] => saaf
    [surname] => sdsd
    [mobile_no] => sdsd@gmail.com
    [save] => 
)

---------

2020-03-05 10:26:54
User_id: 0
Error: E_USER_NOTICE
URL: http://localhost/talenttube/register.php
File: D:\laragon\www\talenttube\_include\lib\db_common.php
Line: 49
Message: Can't execute query: You have an error in your SQL syntax; check the manual that corresponds to your MySQL server version for the right syntax to use near '' at line 1
INSERT INTO user_information (first_name,sur_name,mobile_no) VALUES ('saad','khan','fdfd@gmail.com'

Call stack:

File: D:\laragon\www\talenttube\_include\lib\db_common.php (Line: 49)
Function: trigger_error

File: D:\laragon\www\talenttube\_include\lib\db_mysqli.php (Line: 31)
Class: DB_Common
Function: triggerError

File: D:\laragon\www\talenttube\_include\lib\db_common.php (Line: 287)
Class: DB
Function: driver_query

File: D:\laragon\www\talenttube\register.php (Line: 17)
Class: DB_Common
Function: query

$_POST = Array
(
    [firstname] => saad
    [surname] => khan
    [mobile_no] => fdfd@gmail.com
    [save] => 
)

---------

2020-03-05 10:28:46
User_id: 0
Error: E_USER_NOTICE
URL: http://localhost/talenttube/register.php
File: D:\laragon\www\talenttube\_include\lib\db_common.php
Line: 49
Message: Can't execute query: You have an error in your SQL syntax; check the manual that corresponds to your MySQL server version for the right syntax to use near '' at line 1
INSERT INTO user_information (first_name,sur_name,mobile_no) VALUES ('saad','khan','fdfd@gmail.com'

Call stack:

File: D:\laragon\www\talenttube\_include\lib\db_common.php (Line: 49)
Function: trigger_error

File: D:\laragon\www\talenttube\_include\lib\db_mysqli.php (Line: 31)
Class: DB_Common
Function: triggerError

File: D:\laragon\www\talenttube\_include\lib\db_common.php (Line: 287)
Class: DB
Function: driver_query

File: D:\laragon\www\talenttube\register.php (Line: 15)
Class: DB_Common
Function: query

$_POST = Array
(
    [firstname] => saad
    [surname] => khan
    [mobile_no] => fdfd@gmail.com
    [save] => 
)

---------

2020-03-05 10:30:31
User_id: 0
Error: E_USER_NOTICE
URL: http://localhost/talenttube/register.php
File: D:\laragon\www\talenttube\_include\lib\db_common.php
Line: 49
Message: Can't execute query: You have an error in your SQL syntax; check the manual that corresponds to your MySQL server version for the right syntax to use near '' at line 1
INSERT INTO user_information (first_name,sur_name,mobile_no) VALUES ('saad','khan','fdfd@gmail.com'

Call stack:

File: D:\laragon\www\talenttube\_include\lib\db_common.php (Line: 49)
Function: trigger_error

File: D:\laragon\www\talenttube\_include\lib\db_mysqli.php (Line: 31)
Class: DB_Common
Function: triggerError

File: D:\laragon\www\talenttube\_include\lib\db_common.php (Line: 287)
Class: DB
Function: driver_query

File: D:\laragon\www\talenttube\register.php (Line: 15)
Class: DB_Common
Function: query

$_POST = Array
(
    [firstname] => saad
    [surname] => khan
    [mobile_no] => fdfd@gmail.com
    [save] => 
)

---------

2020-03-05 10:30:47
User_id: 0
Error: E_USER_NOTICE
URL: http://localhost/talenttube/register.php
File: D:\laragon\www\talenttube\_include\lib\db_common.php
Line: 49
Message: Can't execute query: You have an error in your SQL syntax; check the manual that corresponds to your MySQL server version for the right syntax to use near '' at line 1
INSERT INTO user_information (first_name,sur_name,mobile_no) VALUES ('saaf','sdsd',''

Call stack:

File: D:\laragon\www\talenttube\_include\lib\db_common.php (Line: 49)
Function: trigger_error

File: D:\laragon\www\talenttube\_include\lib\db_mysqli.php (Line: 31)
Class: DB_Common
Function: triggerError

File: D:\laragon\www\talenttube\_include\lib\db_common.php (Line: 287)
Class: DB
Function: driver_query

File: D:\laragon\www\talenttube\register.php (Line: 15)
Class: DB_Common
Function: query

$_POST = Array
(
    [firstname] => saaf
    [surname] => sdsd
    [mobile_no] => 
    [save] => 
)

---------

2020-03-05 10:32:34
User_id: 0
Error: E_USER_NOTICE
URL: http://localhost/talenttube/register.php
File: D:\laragon\www\talenttube\_include\lib\db_common.php
Line: 49
Message: Can't execute query: You have an error in your SQL syntax; check the manual that corresponds to your MySQL server version for the right syntax to use near '' at line 1
INSERT INTO user_information (first_name,sur_name,mobile_no) VALUES ('saaf','sdsd',''

Call stack:

File: D:\laragon\www\talenttube\_include\lib\db_common.php (Line: 49)
Function: trigger_error

File: D:\laragon\www\talenttube\_include\lib\db_mysqli.php (Line: 31)
Class: DB_Common
Function: triggerError

File: D:\laragon\www\talenttube\_include\lib\db_common.php (Line: 287)
Class: DB
Function: driver_query

File: D:\laragon\www\talenttube\register.php (Line: 15)
Class: DB_Common
Function: query

$_POST = Array
(
    [firstname] => saaf
    [surname] => sdsd
    [mobile_no] => 
    [save] => 
)

---------

2020-03-05 10:32:38
User_id: 0
Error: E_USER_NOTICE
URL: http://localhost/talenttube/register.php
File: D:\laragon\www\talenttube\_include\lib\db_common.php
Line: 49
Message: Can't execute query: You have an error in your SQL syntax; check the manual that corresponds to your MySQL server version for the right syntax to use near '' at line 1
INSERT INTO user_information (first_name,sur_name,mobile_no) VALUES ('saaf','sdsd',''

Call stack:

File: D:\laragon\www\talenttube\_include\lib\db_common.php (Line: 49)
Function: trigger_error

File: D:\laragon\www\talenttube\_include\lib\db_mysqli.php (Line: 31)
Class: DB_Common
Function: triggerError

File: D:\laragon\www\talenttube\_include\lib\db_common.php (Line: 287)
Class: DB
Function: driver_query

File: D:\laragon\www\talenttube\register.php (Line: 15)
Class: DB_Common
Function: query

$_POST = Array
(
    [firstname] => saaf
    [surname] => sdsd
    [mobile_no] => 
    [save] => 
)

---------

2020-03-05 10:35:13
User_id: 0
Error: E_USER_NOTICE
URL: http://localhost/talenttube/register.php
File: D:\laragon\www\talenttube\_include\lib\db_common.php
Line: 49
Message: Can't execute query: You have an error in your SQL syntax; check the manual that corresponds to your MySQL server version for the right syntax to use near '' at line 1
INSERT INTO user_information (first_name,sur_name,mobile_no) VALUES ('saad','khan','03445964152'

Call stack:

File: D:\laragon\www\talenttube\_include\lib\db_common.php (Line: 49)
Function: trigger_error

File: D:\laragon\www\talenttube\_include\lib\db_mysqli.php (Line: 31)
Class: DB_Common
Function: triggerError

File: D:\laragon\www\talenttube\_include\lib\db_common.php (Line: 287)
Class: DB
Function: driver_query

File: D:\laragon\www\talenttube\register.php (Line: 14)
Class: DB_Common
Function: query

$_POST = Array
(
    [firstname] => saad
    [surname] => khan
    [mobile_no] => 03445964152
    [save] => 
)

---------

2020-03-05 10:37:02
User_id: 0
Error: E_USER_NOTICE
URL: http://localhost/talenttube/register.php
File: D:\laragon\www\talenttube\_include\lib\db_common.php
Line: 49
Message: Can't execute query: You have an error in your SQL syntax; check the manual that corresponds to your MySQL server version for the right syntax to use near '' at line 1
INSERT INTO user_information (first_name,sur_name,mobile_no) VALUES ('saad','khan','03445964152'

Call stack:

File: D:\laragon\www\talenttube\_include\lib\db_common.php (Line: 49)
Function: trigger_error

File: D:\laragon\www\talenttube\_include\lib\db_mysqli.php (Line: 31)
Class: DB_Common
Function: triggerError

File: D:\laragon\www\talenttube\_include\lib\db_common.php (Line: 287)
Class: DB
Function: driver_query

File: D:\laragon\www\talenttube\register.php (Line: 14)
Class: DB_Common
Function: query

$_POST = Array
(
    [firstname] => saad
    [surname] => khan
    [mobile_no] => 03445964152
    [save] => 
)

---------

2020-03-05 10:37:33
User_id: 0
Error: E_USER_NOTICE
URL: http://localhost/talenttube/register.php
File: D:\laragon\www\talenttube\_include\lib\db_common.php
Line: 49
Message: Can't execute query: You have an error in your SQL syntax; check the manual that corresponds to your MySQL server version for the right syntax to use near '' at line 1
INSERT INTO user_information (first_name,sur_name,mobile_no) VALUES ('sdksjd','sdd','sdsdh@gmail.com'

Call stack:

File: D:\laragon\www\talenttube\_include\lib\db_common.php (Line: 49)
Function: trigger_error

File: D:\laragon\www\talenttube\_include\lib\db_mysqli.php (Line: 31)
Class: DB_Common
Function: triggerError

File: D:\laragon\www\talenttube\_include\lib\db_common.php (Line: 287)
Class: DB
Function: driver_query

File: D:\laragon\www\talenttube\register.php (Line: 14)
Class: DB_Common
Function: query

$_POST = Array
(
    [firstname] => sdksjd
    [surname] => sdd
    [mobile_no] => sdsdh@gmail.com
    [save] => 
)

---------

2020-03-05 10:41:54
User_id: 0
Error: E_USER_NOTICE
URL: http://localhost/talenttube/register.php
File: D:\laragon\www\talenttube\_include\lib\db_common.php
Line: 49
Message: Can't execute query: You have an error in your SQL syntax; check the manual that corresponds to your MySQL server version for the right syntax to use near '' at line 1
INSERT INTO user_information (first_name,sur_name) VALUES ('sdksjd','sdd'

Call stack:

File: D:\laragon\www\talenttube\_include\lib\db_common.php (Line: 49)
Function: trigger_error

File: D:\laragon\www\talenttube\_include\lib\db_mysqli.php (Line: 31)
Class: DB_Common
Function: triggerError

File: D:\laragon\www\talenttube\_include\lib\db_common.php (Line: 287)
Class: DB
Function: driver_query

File: D:\laragon\www\talenttube\register.php (Line: 14)
Class: DB_Common
Function: query

$_POST = Array
(
    [firstname] => sdksjd
    [surname] => sdd
    [mobile_no] => sdsdh@gmail.com
    [save] => 
)

---------

2020-03-05 10:42:24
User_id: 0
Error: E_USER_NOTICE
URL: http://localhost/talenttube/register.php
File: D:\laragon\www\talenttube\_include\lib\db_common.php
Line: 49
Message: Can't execute query: You have an error in your SQL syntax; check the manual that corresponds to your MySQL server version for the right syntax to use near '' at line 1
INSERT INTO user_information (first_name,sur_name) VALUES ('fdf','fdsfsd'

Call stack:

File: D:\laragon\www\talenttube\_include\lib\db_common.php (Line: 49)
Function: trigger_error

File: D:\laragon\www\talenttube\_include\lib\db_mysqli.php (Line: 31)
Class: DB_Common
Function: triggerError

File: D:\laragon\www\talenttube\_include\lib\db_common.php (Line: 287)
Class: DB
Function: driver_query

File: D:\laragon\www\talenttube\register.php (Line: 14)
Class: DB_Common
Function: query

$_POST = Array
(
    [firstname] => fdf
    [surname] => fdsfsd
    [mobile_no] => dfdf@gamil.com
    [save] => 
)

---------

2020-03-05 11:17:44
User_id: 0
Error: E_NOTICE
URL: http://localhost/talenttube/register.php
File: D:\laragon\www\talenttube\register.php
Line: 7
Message: Undefined index: state

Call stack:

$_POST = Array
(
    [firstname] => dsd
    [surname] => sdsd
    [mobile_no] => fgfhg@gmail.com
    [save] => 
)

---------

2020-03-05 11:20:56
User_id: 0
Error: E_USER_NOTICE
URL: http://localhost/talenttube/register.php
File: D:\laragon\www\talenttube\_include\lib\db_common.php
Line: 49
Message: Can't execute query: You have an error in your SQL syntax; check the manual that corresponds to your MySQL server version for the right syntax to use near '@gmail.com')' at line 1
INSERT INTO user_information (first_name,sur_name,mobile_no) VALUES ('dsd','sdsd', fgfhg@gmail.com')

Call stack:

File: D:\laragon\www\talenttube\_include\lib\db_common.php (Line: 49)
Function: trigger_error

File: D:\laragon\www\talenttube\_include\lib\db_mysqli.php (Line: 31)
Class: DB_Common
Function: triggerError

File: D:\laragon\www\talenttube\_include\lib\db_common.php (Line: 287)
Class: DB
Function: driver_query

File: D:\laragon\www\talenttube\register.php (Line: 15)
Class: DB_Common
Function: query

$_POST = Array
(
    [firstname] => dsd
    [surname] => sdsd
    [mobile_no] => fgfhg@gmail.com
    [save] => 
)

---------

2020-03-05 11:21:15
User_id: 0
Error: E_USER_NOTICE
URL: http://localhost/talenttube/register.php
File: D:\laragon\www\talenttube\_include\lib\db_common.php
Line: 49
Message: Can't execute query: You have an error in your SQL syntax; check the manual that corresponds to your MySQL server version for the right syntax to use near '@gmail.com')' at line 1
INSERT INTO user_information (first_name,sur_name,mobile_no) VALUES ('afafafafa','fafasfafaf', afaf@gmail.com')

Call stack:

File: D:\laragon\www\talenttube\_include\lib\db_common.php (Line: 49)
Function: trigger_error

File: D:\laragon\www\talenttube\_include\lib\db_mysqli.php (Line: 31)
Class: DB_Common
Function: triggerError

File: D:\laragon\www\talenttube\_include\lib\db_common.php (Line: 287)
Class: DB
Function: driver_query

File: D:\laragon\www\talenttube\register.php (Line: 15)
Class: DB_Common
Function: query

$_POST = Array
(
    [firstname] => afafafafa
    [surname] => fafasfafaf
    [mobile_no] => afaf@gmail.com
    [save] => 
)

---------

2020-03-05 11:27:33
User_id: 0
Error: E_NOTICE
URL: http://localhost/talenttube/register.php
File: D:\laragon\www\talenttube\register.php
Line: 7
Message: Undefined index: state

Call stack:

$_POST = Array
(
    [firstname] => afaf
    [surname] => afaf
    [mobile_no] => afaf@mail.com
    [save] => 
)

---------

2020-03-05 11:29:29
User_id: 0
Error: E_NOTICE
URL: http://localhost/talenttube/register.php
File: D:\laragon\www\talenttube\register.php
Line: 7
Message: Undefined index: state

Call stack:

$_POST = Array
(
    [firstname] => df
    [surname] => 
    [mobile_no] => 
    [save] => 
)

---------

2020-03-05 11:32:44
User_id: 0
Error: E_NOTICE
URL: http://localhost/talenttube/register.php
File: D:\laragon\www\talenttube\register.php
Line: 7
Message: Undefined index: state

Call stack:

$_POST = Array
(
    [firstname] => 
    [surname] => 
    [mobile_no] => 
    [save] => 
)

---------

2020-03-05 11:35:39
User_id: 0
Error: E_NOTICE
URL: http://localhost/talenttube/register.php
File: D:\laragon\www\talenttube\register.php
Line: 7
Message: Undefined index: states

Call stack:

$_POST = Array
(
    [firstname] => aaf
    [surname] => dfaf
    [save] => 
    [mobile_no] => afdaf@gmail.cm
)

---------

2020-03-05 11:36:01
User_id: 0
Error: E_NOTICE
URL: http://localhost/talenttube/register.php
File: D:\laragon\www\talenttube\register.php
Line: 7
Message: Undefined index: state

Call stack:

$_POST = Array
(
    [firstname] => aaf
    [surname] => dfaf
    [save] => 
    [mobile_no] => afdaf@gmail.cm
)

---------

2020-03-05 11:36:11
User_id: 0
Error: E_NOTICE
URL: http://localhost/talenttube/register.php
File: D:\laragon\www\talenttube\register.php
Line: 7
Message: Undefined index: state

Call stack:

$_POST = Array
(
    [firstname] => 
    [surname] => 
    [save] => 
    [mobile_no] => 
)

---------

2020-03-05 11:39:15
User_id: 0
Error: E_NOTICE
URL: http://localhost/talenttube/register.php
File: D:\laragon\www\talenttube\register.php
Line: 7
Message: Undefined index: state

Call stack:

$_POST = Array
(
    [firstname] => 
    [surname] => 
    [save] => 
    [mobile_no] => 
)

---------

2020-03-05 11:42:03
User_id: 0
Error: E_NOTICE
URL: http://localhost/talenttube/register.php
File: D:\laragon\www\talenttube\register.php
Line: 7
Message: Undefined index: state

Call stack:

$_POST = Array
(
    [firstname] => afaf
    [surname] => afaf
    [save] => 
    [mobile_no] => afadfa@gmail.com
)

---------

2020-03-05 11:55:48
User_id: 0
Error: E_NOTICE
URL: http://localhost/talenttube/register.php
File: D:\laragon\www\talenttube\register.php
Line: 9
Message: Undefined index: city

Call stack:

$_POST = Array
(
    [firstname] => dfdf
    [surname] => dfdfd
    [mobile_no] => djfskdjflksd@gmail.com
    [save] => 
)

---------

2020-03-05 11:58:33
User_id: 0
Error: E_NOTICE
URL: http://localhost/talenttube/register.php
File: D:\laragon\www\talenttube\register.php
Line: 9
Message: Undefined index: city

Call stack:

$_POST = Array
(
    [firstname] => dfdf
    [surname] => dfdfd
    [mobile_no] => djfskdjflksd@gmail.com
    [save] => 
)

---------

2020-03-05 11:58:45
User_id: 0
Error: E_NOTICE
URL: http://localhost/talenttube/register.php
File: D:\laragon\www\talenttube\register.php
Line: 9
Message: Undefined index: city

Call stack:

$_POST = Array
(
    [firstname] => 
    [surname] => 
    [mobile_no] => 
    [save] => 
)

---------

2020-03-05 11:59:05
User_id: 0
Error: E_NOTICE
URL: http://localhost/talenttube/register.php
File: D:\laragon\www\talenttube\register.php
Line: 9
Message: Undefined index: city

Call stack:

$_POST = Array
(
    [firstname] => 
    [surname] => 
    [mobile_no] => 
    [save] => 
)

---------

2020-03-05 11:59:56
User_id: 0
Error: E_NOTICE
URL: http://localhost/talenttube/register.php
File: D:\laragon\www\talenttube\register.php
Line: 9
Message: Undefined index: city

Call stack:

$_POST = Array
(
    [firstname] => 
    [surname] => 
    [mobile_no] => 
    [save] => 
)

---------

2020-03-05 12:00:55
User_id: 0
Error: E_NOTICE
URL: http://localhost/talenttube/register.php
File: D:\laragon\www\talenttube\register.php
Line: 9
Message: Undefined index: city

Call stack:

$_POST = Array
(
    [firstname] => 
    [surname] => 
    [mobile_no] => 
    [save] => 
)

---------

2020-03-05 12:01:32
User_id: 0
Error: E_NOTICE
URL: http://localhost/talenttube/register.php
File: D:\laragon\www\talenttube\register.php
Line: 9
Message: Undefined index: city

Call stack:

$_POST = Array
(
    [firstname] => 
    [surname] => 
    [mobile_no] => 
    [save] => 
)

---------

2020-03-05 12:04:58
User_id: 0
Error: E_NOTICE
URL: http://localhost/talenttube/register.php
File: D:\laragon\www\talenttube\register.php
Line: 9
Message: Undefined index: city

Call stack:

$_POST = Array
(
    [firstname] => 
    [surname] => 
    [mobile_no] => 
    [save] => 
)

---------

2020-03-05 12:06:15
User_id: 0
Error: E_NOTICE
URL: http://localhost/talenttube/register.php
File: D:\laragon\www\talenttube\register.php
Line: 9
Message: Undefined index: city

Call stack:

$_POST = Array
(
    [firstname] => 
    [surname] => 
    [mobile_no] => 
    [save] => 
)

---------

2020-03-05 12:08:32
User_id: 0
Error: E_NOTICE
URL: http://localhost/talenttube/register.php
File: D:\laragon\www\talenttube\register.php
Line: 9
Message: Undefined index: city

Call stack:

$_POST = Array
(
    [firstname] => 
    [surname] => 
    [mobile_no] => 
    [save] => 
)

---------

2020-03-05 12:18:58
User_id: 0
Error: E_NOTICE
URL: http://localhost/talenttube/register.php
File: D:\laragon\www\talenttube\register.php
Line: 9
Message: Undefined index: city

Call stack:

$_POST = Array
(
    [firstname] => 
    [surname] => 
    [mobile_no] => 
    [save] => 
)

---------

2020-03-05 12:31:37
User_id: 0
Error: E_NOTICE
URL: http://localhost/talenttube/register.php
File: D:\laragon\www\talenttube\register.php
Line: 9
Message: Undefined index: city

Call stack:

$_POST = Array
(
    [firstname] => 
    [surname] => 
    [mobile_no] => djfhjf@gmail.com
    [save] => 
)

---------

2020-03-05 12:34:57
User_id: 0
Error: E_NOTICE
URL: http://localhost/talenttube/register.php
File: D:\laragon\www\talenttube\register.php
Line: 9
Message: Undefined index: city

Call stack:

$_POST = Array
(
    [firstname] => saad
    [surname] => khan
    [mobile_no] => 03445964152
    [save] => 
)

---------

2020-03-05 12:37:28
User_id: 0
Error: E_NOTICE
URL: http://localhost/talenttube/register.php
File: D:\laragon\www\talenttube\register.php
Line: 9
Message: Undefined index: city

Call stack:

$_POST = Array
(
    [firstname] => 
    [surname] => 
    [mobile_no] => abc@gmail.com
    [save] => 
)

---------

2020-03-05 12:41:56
User_id: 0
Error: E_NOTICE
URL: http://localhost/talenttube/register.php
File: D:\laragon\www\talenttube\register.php
Line: 9
Message: Undefined index: city

Call stack:

$_POST = Array
(
    [firstname] => 
    [surname] => 
    [mobile_no] => 
    [save] => 
)

---------

2020-03-05 13:18:25
User_id: 0
Error: E_NOTICE
URL: http://localhost/talenttube/register.php
File: D:\laragon\www\talenttube\register.php
Line: 9
Message: Undefined index: state

Call stack:

$_POST = Array
(
    [firstname] => saad
    [surname] => khan
    [mobile_no] => 03445964152
    [save] => 
)

---------

