2020-02-19 13:49:45
User_id: 2
Error: E_USER_NOTICE
URL: http://182.180.54.194/talenttube/join2.php?cmd=check_captcha&ajax=1&set_template_runtime=impact&site_part_runtime=main
File: /var/www/html/talenttube/_include/lib/mail.php
Line: 81
Message: send_mail(): Can't send mail via mail() function

Call stack:

File: /var/www/html/talenttube/_include/lib/mail.php (Line: 81)
Function: trigger_error

File: /var/www/html/talenttube/_include/current/common.class.php (Line: 396)
Function: send_mail

File: /var/www/html/talenttube/_include/current/user.class.php (Line: 532)
Class: Common
Function: sendAutomail

File: /var/www/html/talenttube/join2.php (Line: 56)
Class: User
Function: add

File: /var/www/html/talenttube/_include/core/main_close.php (Line: 16)
Class: CJoin2
Function: action

File: /var/www/html/talenttube/join2.php (Line: 246)
Function: include

$_POST = Array
(
    [captcha] => A7YEK
    [photo] => 
    [about_me] => hh
    [interested_in] => bbb
    [join_answers] => Array
        (
            [hair] => yes
            [status] => yes
            [weight] => yes
            [i_am_here_to] => yes
            [height] => yes
        )

)

---------

2020-02-19 13:49:45
User_id: 2
Error: E_USER_NOTICE
URL: http://182.180.54.194/talenttube/join2.php?cmd=check_captcha&ajax=1&set_template_runtime=impact&site_part_runtime=main
File: /var/www/html/talenttube/_include/lib/mail.php
Line: 81
Message: send_mail(): Can't send mail via mail() function

Call stack:

File: /var/www/html/talenttube/_include/lib/mail.php (Line: 81)
Function: trigger_error

File: /var/www/html/talenttube/_include/current/common.class.php (Line: 396)
Function: send_mail

File: /var/www/html/talenttube/_include/current/user.class.php (Line: 540)
Class: Common
Function: sendAutomail

File: /var/www/html/talenttube/join2.php (Line: 56)
Class: User
Function: add

File: /var/www/html/talenttube/_include/core/main_close.php (Line: 16)
Class: CJoin2
Function: action

File: /var/www/html/talenttube/join2.php (Line: 246)
Function: include

$_POST = Array
(
    [captcha] => A7YEK
    [photo] => 
    [about_me] => hh
    [interested_in] => bbb
    [join_answers] => Array
        (
            [hair] => yes
            [status] => yes
            [weight] => yes
            [i_am_here_to] => yes
            [height] => yes
        )

)

---------

2020-02-19 13:49:45
User_id: 2
Error: E_USER_NOTICE
URL: http://182.180.54.194/talenttube/join2.php?cmd=check_captcha&ajax=1&set_template_runtime=impact&site_part_runtime=main
File: /var/www/html/talenttube/_include/lib/mail.php
Line: 81
Message: send_mail(): Can't send mail via mail() function

Call stack:

File: /var/www/html/talenttube/_include/lib/mail.php (Line: 81)
Function: trigger_error

File: /var/www/html/talenttube/_include/current/common.class.php (Line: 396)
Function: send_mail

File: /var/www/html/talenttube/_include/lib/user.php (Line: 58)
Class: Common
Function: sendAutomail

File: /var/www/html/talenttube/_include/current/user.class.php (Line: 543)
Function: user_change_email

File: /var/www/html/talenttube/join2.php (Line: 56)
Class: User
Function: add

File: /var/www/html/talenttube/_include/core/main_close.php (Line: 16)
Class: CJoin2
Function: action

File: /var/www/html/talenttube/join2.php (Line: 246)
Function: include

$_POST = Array
(
    [captcha] => A7YEK
    [photo] => 
    [about_me] => hh
    [interested_in] => bbb
    [join_answers] => Array
        (
            [hair] => yes
            [status] => yes
            [weight] => yes
            [i_am_here_to] => yes
            [height] => yes
        )

)

---------

2020-02-19 14:03:48
User_id: 0
Error: E_WARNING
URL: http://182.180.54.194/talenttube/_server/update_server_ajax_impact.php?&set_template_runtime=impact&site_part_runtime=main
File: /var/www/html/talenttube/_include/lib/db_mysqli.php
Line: 21
Message: mysqli_connect(): (HY000/2002): No such file or directory

Call stack:

File: /var/www/html/talenttube/_include/lib/db_mysqli.php (Line: 21)
Function: mysqli_connect

File: /var/www/html/talenttube/_include/lib/db_common.php (Line: 70)
Class: DB
Function: driver_connect

File: /var/www/html/talenttube/_include/core/start.php (Line: 376)
Class: DB_Common
Function: connect

File: /var/www/html/talenttube/_include/core/main_start.php (Line: 12)
Function: include_once

File: /var/www/html/talenttube/_server/update_server_ajax_impact.php (Line: 11)
Function: include

$_POST = Array
(
    [cmd] => update_im
    [is_visible_messages] => true
    [users_list] => {}
    [users_list_open_im] => {}
    [user_to] => 0
    [display] => open_list_chats
    [last_id] => 0
    [status_writing] => {}
    [is_mode_fb] => true
    [timeout_server] => 15
    [page] => search_results.php
    [request_user_id] => 0
    [city_counter_street_chat] => 1
    [city_counter_games] => 1
    [city_counter] => 1
    [hide_im_on_page_city] => 0
    [geo_position] => Array
        (
            [lat] => 0
            [long] => 0
        )

)

---------

2020-02-19 14:03:51
User_id: 0
Error: E_WARNING
URL: http://182.180.54.194/talenttube/_server/update_server_ajax_impact.php?&set_template_runtime=impact&site_part_runtime=main
File: /var/www/html/talenttube/_include/lib/db_mysqli.php
Line: 21
Message: mysqli_connect(): (HY000/2002): No such file or directory

Call stack:

File: /var/www/html/talenttube/_include/lib/db_mysqli.php (Line: 21)
Function: mysqli_connect

File: /var/www/html/talenttube/_include/lib/db_common.php (Line: 70)
Class: DB
Function: driver_connect

File: /var/www/html/talenttube/_include/core/start.php (Line: 376)
Class: DB_Common
Function: connect

File: /var/www/html/talenttube/_include/core/main_start.php (Line: 12)
Function: include_once

File: /var/www/html/talenttube/_server/update_server_ajax_impact.php (Line: 11)
Function: include

$_POST = Array
(
    [cmd] => update_im
    [is_visible_messages] => true
    [users_list] => {}
    [users_list_open_im] => {}
    [user_to] => 0
    [display] => open_list_chats
    [last_id] => 0
    [status_writing] => {}
    [is_mode_fb] => true
    [timeout_server] => 15
    [page] => search_results.php
    [request_user_id] => 0
    [city_counter_street_chat] => 1
    [city_counter_games] => 1
    [city_counter] => 1
    [hide_im_on_page_city] => 0
    [geo_position] => Array
        (
            [lat] => 0
            [long] => 0
        )

)

---------

2020-02-19 14:04:02
User_id: 0
Error: E_WARNING
URL: http://182.180.54.194/talenttube/_server/update_server_ajax_impact.php?&set_template_runtime=impact&site_part_runtime=main
File: /var/www/html/talenttube/_include/lib/db_mysqli.php
Line: 21
Message: mysqli_connect(): (HY000/2002): No such file or directory

Call stack:

File: /var/www/html/talenttube/_include/lib/db_mysqli.php (Line: 21)
Function: mysqli_connect

File: /var/www/html/talenttube/_include/lib/db_common.php (Line: 70)
Class: DB
Function: driver_connect

File: /var/www/html/talenttube/_include/core/start.php (Line: 376)
Class: DB_Common
Function: connect

File: /var/www/html/talenttube/_include/core/main_start.php (Line: 12)
Function: include_once

File: /var/www/html/talenttube/_server/update_server_ajax_impact.php (Line: 11)
Function: include

$_POST = Array
(
    [cmd] => update_im
    [is_visible_messages] => true
    [users_list] => {}
    [users_list_open_im] => {}
    [user_to] => 0
    [display] => open_list_chats
    [last_id] => 0
    [status_writing] => {}
    [is_mode_fb] => true
    [timeout_server] => 15
    [page] => search_results.php
    [request_user_id] => 0
    [city_counter_street_chat] => 1
    [city_counter_games] => 1
    [city_counter] => 1
    [hide_im_on_page_city] => 0
    [geo_position] => Array
        (
            [lat] => 0
            [long] => 0
        )

)

---------

2020-02-19 14:04:11
User_id: 0
Error: E_WARNING
URL: http://182.180.54.194/talenttube/_server/update_server_ajax_impact.php?&set_template_runtime=impact&site_part_runtime=main
File: /var/www/html/talenttube/_include/lib/db_mysqli.php
Line: 21
Message: mysqli_connect(): (HY000/2002): No such file or directory

Call stack:

File: /var/www/html/talenttube/_include/lib/db_mysqli.php (Line: 21)
Function: mysqli_connect

File: /var/www/html/talenttube/_include/lib/db_common.php (Line: 70)
Class: DB
Function: driver_connect

File: /var/www/html/talenttube/_include/core/start.php (Line: 376)
Class: DB_Common
Function: connect

File: /var/www/html/talenttube/_include/core/main_start.php (Line: 12)
Function: include_once

File: /var/www/html/talenttube/_server/update_server_ajax_impact.php (Line: 11)
Function: include

$_POST = Array
(
    [cmd] => update_im
    [is_visible_messages] => true
    [users_list] => {}
    [users_list_open_im] => {}
    [user_to] => 0
    [display] => open_list_chats
    [last_id] => 0
    [status_writing] => {}
    [is_mode_fb] => true
    [timeout_server] => 15
    [page] => search_results.php
    [request_user_id] => 0
    [city_counter_street_chat] => 1
    [city_counter_games] => 1
    [city_counter] => 1
    [hide_im_on_page_city] => 0
    [geo_position] => Array
        (
            [lat] => 0
            [long] => 0
        )

)

---------

2020-02-19 14:04:22
User_id: 0
Error: E_WARNING
URL: http://182.180.54.194/talenttube/_server/update_server_ajax_impact.php?&set_template_runtime=impact&site_part_runtime=main
File: /var/www/html/talenttube/_include/lib/db_mysqli.php
Line: 21
Message: mysqli_connect(): (HY000/2002): No such file or directory

Call stack:

File: /var/www/html/talenttube/_include/lib/db_mysqli.php (Line: 21)
Function: mysqli_connect

File: /var/www/html/talenttube/_include/lib/db_common.php (Line: 70)
Class: DB
Function: driver_connect

File: /var/www/html/talenttube/_include/core/start.php (Line: 376)
Class: DB_Common
Function: connect

File: /var/www/html/talenttube/_include/core/main_start.php (Line: 12)
Function: include_once

File: /var/www/html/talenttube/_server/update_server_ajax_impact.php (Line: 11)
Function: include

$_POST = Array
(
    [cmd] => update_im
    [is_visible_messages] => true
    [users_list] => {}
    [users_list_open_im] => {}
    [user_to] => 0
    [display] => open_list_chats
    [last_id] => 0
    [status_writing] => {}
    [is_mode_fb] => true
    [timeout_server] => 15
    [page] => search_results.php
    [request_user_id] => 0
    [city_counter_street_chat] => 1
    [city_counter_games] => 1
    [city_counter] => 1
    [hide_im_on_page_city] => 0
    [geo_position] => Array
        (
            [lat] => 0
            [long] => 0
        )

)

---------

2020-02-19 14:04:33
User_id: 0
Error: E_WARNING
URL: http://182.180.54.194/talenttube/_server/update_server_ajax_impact.php?&set_template_runtime=impact&site_part_runtime=main
File: /var/www/html/talenttube/_include/lib/db_mysqli.php
Line: 21
Message: mysqli_connect(): (HY000/2002): No such file or directory

Call stack:

File: /var/www/html/talenttube/_include/lib/db_mysqli.php (Line: 21)
Function: mysqli_connect

File: /var/www/html/talenttube/_include/lib/db_common.php (Line: 70)
Class: DB
Function: driver_connect

File: /var/www/html/talenttube/_include/core/start.php (Line: 376)
Class: DB_Common
Function: connect

File: /var/www/html/talenttube/_include/core/main_start.php (Line: 12)
Function: include_once

File: /var/www/html/talenttube/_server/update_server_ajax_impact.php (Line: 11)
Function: include

$_POST = Array
(
    [cmd] => update_im
    [is_visible_messages] => true
    [users_list] => {}
    [users_list_open_im] => {}
    [user_to] => 0
    [display] => open_list_chats
    [last_id] => 0
    [status_writing] => {}
    [is_mode_fb] => true
    [timeout_server] => 15
    [page] => search_results.php
    [request_user_id] => 0
    [city_counter_street_chat] => 1
    [city_counter_games] => 1
    [city_counter] => 1
    [hide_im_on_page_city] => 0
    [geo_position] => Array
        (
            [lat] => 0
            [long] => 0
        )

)

---------

2020-02-19 14:04:44
User_id: 0
Error: E_WARNING
URL: http://182.180.54.194/talenttube/_server/update_server_ajax_impact.php?&set_template_runtime=impact&site_part_runtime=main
File: /var/www/html/talenttube/_include/lib/db_mysqli.php
Line: 21
Message: mysqli_connect(): (HY000/2002): No such file or directory

Call stack:

File: /var/www/html/talenttube/_include/lib/db_mysqli.php (Line: 21)
Function: mysqli_connect

File: /var/www/html/talenttube/_include/lib/db_common.php (Line: 70)
Class: DB
Function: driver_connect

File: /var/www/html/talenttube/_include/core/start.php (Line: 376)
Class: DB_Common
Function: connect

File: /var/www/html/talenttube/_include/core/main_start.php (Line: 12)
Function: include_once

File: /var/www/html/talenttube/_server/update_server_ajax_impact.php (Line: 11)
Function: include

$_POST = Array
(
    [cmd] => update_im
    [is_visible_messages] => true
    [users_list] => {}
    [users_list_open_im] => {}
    [user_to] => 0
    [display] => open_list_chats
    [last_id] => 0
    [status_writing] => {}
    [is_mode_fb] => true
    [timeout_server] => 15
    [page] => search_results.php
    [request_user_id] => 0
    [city_counter_street_chat] => 1
    [city_counter_games] => 1
    [city_counter] => 1
    [hide_im_on_page_city] => 0
    [geo_position] => Array
        (
            [lat] => 0
            [long] => 0
        )

)

---------

2020-02-19 14:04:55
User_id: 0
Error: E_WARNING
URL: http://182.180.54.194/talenttube/_server/update_server_ajax_impact.php?&set_template_runtime=impact&site_part_runtime=main
File: /var/www/html/talenttube/_include/lib/db_mysqli.php
Line: 21
Message: mysqli_connect(): (HY000/2002): No such file or directory

Call stack:

File: /var/www/html/talenttube/_include/lib/db_mysqli.php (Line: 21)
Function: mysqli_connect

File: /var/www/html/talenttube/_include/lib/db_common.php (Line: 70)
Class: DB
Function: driver_connect

File: /var/www/html/talenttube/_include/core/start.php (Line: 376)
Class: DB_Common
Function: connect

File: /var/www/html/talenttube/_include/core/main_start.php (Line: 12)
Function: include_once

File: /var/www/html/talenttube/_server/update_server_ajax_impact.php (Line: 11)
Function: include

$_POST = Array
(
    [cmd] => update_im
    [is_visible_messages] => true
    [users_list] => {}
    [users_list_open_im] => {}
    [user_to] => 0
    [display] => open_list_chats
    [last_id] => 0
    [status_writing] => {}
    [is_mode_fb] => true
    [timeout_server] => 15
    [page] => search_results.php
    [request_user_id] => 0
    [city_counter_street_chat] => 1
    [city_counter_games] => 1
    [city_counter] => 1
    [hide_im_on_page_city] => 0
    [geo_position] => Array
        (
            [lat] => 0
            [long] => 0
        )

)

---------

