2020-02-26 11:14:54
User_id: 1
Error: E_ERROR
URL: http://182.180.54.194/talenttube/m/profile_view?&set_template_mobile_runtime=impact_mobile&site_part_runtime=mobile
File: /var/www/html/talenttube/_include/current/mutualattractions.class.php
Line: 131
Message: Uncaught Error: Call to undefined method MutualAttractions::getWhereWhoLikesYou() in /var/www/html/talenttube/_include/current/mutualattractions.class.php:131
Stack trace:
#0 /var/www/html/talenttube/m/_include/current/user_menu.php(220): MutualAttractions::getNumberMutualAttractions('getWhereWhoLike...')
#1 /var/www/html/talenttube/m/_include/current/user_menu.php(370): CUserMenu::parseMenu(Object(CHtml))
#2 /var/www/html/talenttube/_include/lib/block.php(294): CUserMenu->parseBlock(Object(CHtml))
#3 /var/www/html/talenttube/_include/lib/block.php(277): CHtmlBlock->parse(Object(CHtml))
#4 /var/www/html/talenttube/_include/lib/block.php(277): CHtmlBlock->parse(Object(CHtml))
#5 /var/www/html/talenttube/_include/lib/lib.php(2500): CHtmlBlock->parse(NULL, true)
#6 /var/www/html/talenttube/m/profile_view.php(132): loadPageContentAjax(Object(CHtmlBlock))
#7 {main}
  thrown

Call stack:

File:  (Line: )
Function: fatalScriptError

$_POST = Array
(
    [upload_page_content_ajax] => 1
)

---------

