2020-03-09 04:49:06
User_id: 1
Error: E_ERROR
URL: http://localhost/talenttube/ajax.php?cmd=photo_add_upload&type=private&set_template_runtime=impact&site_part_runtime=main
File: D:\laragon\www\talenttube\_include\current\cprofilephoto.class.php
Line: 69
Message: Uncaught Error: Call to undefined function uploadphoto() in D:\laragon\www\talenttube\_include\current\cprofilephoto.class.php:69
Stack trace:
#0 D:\laragon\www\talenttube\_include\current\cphotouploadhandler.class.php(25): CProfilePhoto::photoUpload('D:\\laragon\\www\\...')
#1 D:\laragon\www\talenttube\_include\current\fileupload.class.php(1299): CPhotoUploadHandler->handle_file_upload('C:\\Users\\s\\AppD...', '1583729345126_0', 67924, 'image/jpeg', 0, 0, NULL)
#2 D:\laragon\www\talenttube\_include\current\fileupload.class.php(177): UploadHandler->post()
#3 D:\laragon\www\talenttube\_include\current\fileupload.class.php(161): UploadHandler->initialize()
#4 D:\laragon\www\talenttube\ajax.php(334): UploadHandler->__construct(Array, true, Array)
#5 {main}
  thrown

Call stack:

File:  (Line: )
Function: fatalScriptError

$_POST = Array
(
    [file_name] => 1583729345126_0
)

$_FILES = Array
(
    [file_private] => Array
        (
            [name] => Array
                (
                    [0] => pexels-photo-1236701.jpeg
                )

            [type] => Array
                (
                    [0] => image/jpeg
                )

            [tmp_name] => Array
                (
                    [0] => C:\Users\s\AppData\Local\Temp\php2B4C.tmp
                )

            [error] => Array
                (
                    [0] => 0
                )

            [size] => Array
                (
                    [0] => 67924
                )

        )

)

---------

2020-03-09 05:57:54
User_id: 1
Error: E_ERROR
URL: http://localhost/talenttube/ajax.php?cmd=photo_add_upload&type=private&set_template_runtime=impact&site_part_runtime=main
File: D:\laragon\www\talenttube\_include\current\cphotouploadhandler.class.php
Line: 25
Message: Uncaught Error: Call to undefined method CProfilePhoto::photoUpload() in D:\laragon\www\talenttube\_include\current\cphotouploadhandler.class.php:25
Stack trace:
#0 D:\laragon\www\talenttube\_include\current\fileupload.class.php(1299): CPhotoUploadHandler->handle_file_upload('C:\\Users\\s\\AppD...', '1583733473519_2', 67924, 'image/jpeg', 0, 0, NULL)
#1 D:\laragon\www\talenttube\_include\current\fileupload.class.php(177): UploadHandler->post()
#2 D:\laragon\www\talenttube\_include\current\fileupload.class.php(161): UploadHandler->initialize()
#3 D:\laragon\www\talenttube\ajax.php(334): UploadHandler->__construct(Array, true, Array)
#4 {main}
  thrown

Call stack:

File:  (Line: )
Function: fatalScriptError

$_POST = Array
(
    [file_name] => 1583733473519_2
)

$_FILES = Array
(
    [file_private] => Array
        (
            [name] => Array
                (
                    [0] => pexels-photo-1236701.jpeg
                )

            [type] => Array
                (
                    [0] => image/jpeg
                )

            [tmp_name] => Array
                (
                    [0] => C:\Users\s\AppData\Local\Temp\php29AB.tmp
                )

            [error] => Array
                (
                    [0] => 0
                )

            [size] => Array
                (
                    [0] => 67924
                )

        )

)

---------

2020-03-09 10:19:29
User_id: 1
Error: E_NOTICE
URL: http://localhost/talenttube/jobs_form.php
File: D:\laragon\www\talenttube\jobs_form.php
Line: 16
Message: Undefined variable: firstname

Call stack:

$_POST = Array
(
    [first_name] => saad
    [last_name] => sas
    [age] => asas
    [position] => asas
    [address] => asas
    [mobile] => asasas
    [email] => asasas
    [Save] => 
)

---------

2020-03-09 10:27:28
User_id: 1
Error: E_NOTICE
URL: http://localhost/talenttube/jobs_form.php
File: D:\laragon\www\talenttube\jobs_form.php
Line: 16
Message: Undefined variable: firstname

Call stack:

$_POST = Array
(
    [first_name] => saad
    [last_name] => sas
    [age] => asas
    [position] => asas
    [address] => asas
    [mobile] => asasas
    [email] => asasas
    [Save] => 
)

---------

2020-03-09 10:27:54
User_id: 1
Error: E_NOTICE
URL: http://localhost/talenttube/jobs_form.php
File: D:\laragon\www\talenttube\jobs_form.php
Line: 16
Message: Undefined variable: firstname

Call stack:

$_POST = Array
(
    [first_name] => ewew
    [last_name] => ewewe
    [age] => 2
    [position] => 232
    [address] => gterfgtswt
    [mobile] => 343242342
    [email] => saadkhan.mcs@gmail.com
    [Save] => 
)

---------

