2020-03-20 17:53:34
User_id: 0
Error: E_USER_NOTICE
URL: http://localhost/talenttube/
File: D:\laragon\www\talenttube\_include\lib\db_common.php
Line: 49
Message: Can't execute query: Unknown database 't_tube'


Call stack:

File: D:\laragon\www\talenttube\_include\lib\db_common.php (Line: 49)
Function: trigger_error

File: D:\laragon\www\talenttube\_include\lib\db_common.php (Line: 609)
Class: DB_Common
Function: triggerError

File: D:\laragon\www\talenttube\_include\lib\db_common.php (Line: 76)
Class: DB_Common
Function: select_db

File: D:\laragon\www\talenttube\_include\core\start.php (Line: 377)
Class: DB_Common
Function: connect

File: D:\laragon\www\talenttube\_include\core\main_start.php (Line: 12)
Function: include_once

File: D:\laragon\www\talenttube\index.php (Line: 16)
Function: include

---------

