2020-03-18 11:55:05
User_id: 0
Error: E_USER_NOTICE
URL: http://localhost/talenttube/join
File: C:\xampp\htdocs\talenttube\_include\lib\db_common.php
Line: 49
Message: Can't execute query: Unknown database 'talenttube'


Call stack:

File: C:\xampp\htdocs\talenttube\_include\lib\db_common.php (Line: 49)
Function: trigger_error

File: C:\xampp\htdocs\talenttube\_include\lib\db_common.php (Line: 609)
Class: DB_Common
Function: triggerError

File: C:\xampp\htdocs\talenttube\_include\lib\db_common.php (Line: 76)
Class: DB_Common
Function: select_db

File: C:\xampp\htdocs\talenttube\_include\core\start.php (Line: 377)
Class: DB_Common
Function: connect

File: C:\xampp\htdocs\talenttube\_include\core\main_start.php (Line: 12)
Function: include_once

File: C:\xampp\htdocs\talenttube\join.php (Line: 12)
Function: include

---------

