2020-03-12 10:14:46
User_id: 0
Error: E_WARNING
URL: http://localhost/talenttube/_server/update_server_ajax_impact.php?&set_template_runtime=impact&site_part_runtime=main
File: D:\laragon\www\talenttube\_include\lib\db_mysqli.php
Line: 21
Message: mysqli_connect(): (HY000/2002): No connection could be made because the target machine actively refused it.


Call stack:

File: D:\laragon\www\talenttube\_include\lib\db_mysqli.php (Line: 21)
Function: mysqli_connect

File: D:\laragon\www\talenttube\_include\lib\db_common.php (Line: 70)
Class: DB
Function: driver_connect

File: D:\laragon\www\talenttube\_include\core\start.php (Line: 377)
Class: DB_Common
Function: connect

File: D:\laragon\www\talenttube\_include\core\main_start.php (Line: 12)
Function: include_once

File: D:\laragon\www\talenttube\_server\update_server_ajax_impact.php (Line: 11)
Function: include

$_POST = Array
(
    [cmd] => update_im
    [is_visible_messages] => true
    [users_list] => {}
    [users_list_open_im] => {}
    [user_to] => 0
    [display] => open_list_chats
    [last_id] => 0
    [status_writing] => {}
    [is_mode_fb] => true
    [timeout_server] => 15
    [page] => search_results.php
    [request_user_id] => 1
    [city_counter_street_chat] => 0
    [city_counter_games] => 0
    [city_counter] => 0
    [hide_im_on_page_city] => 0
    [geo_position] => Array
        (
            [lat] => 0
            [long] => 0
        )

)

---------

2020-03-12 10:14:50
User_id: 0
Error: E_USER_NOTICE
URL: http://localhost/talenttube/imran
File: D:\laragon\www\talenttube\_include\lib\db_common.php
Line: 49
Message: Can't execute query: Unknown database 'talenttube'


Call stack:

File: D:\laragon\www\talenttube\_include\lib\db_common.php (Line: 49)
Function: trigger_error

File: D:\laragon\www\talenttube\_include\lib\db_common.php (Line: 609)
Class: DB_Common
Function: triggerError

File: D:\laragon\www\talenttube\_include\lib\db_common.php (Line: 76)
Class: DB_Common
Function: select_db

File: D:\laragon\www\talenttube\_include\core\start.php (Line: 377)
Class: DB_Common
Function: connect

File: D:\laragon\www\talenttube\_include\core\main_start.php (Line: 12)
Function: include_once

File: D:\laragon\www\talenttube\router.php (Line: 9)
Function: include

---------

2020-03-12 10:14:50
User_id: 0
Error: E_USER_NOTICE
URL: http://localhost/talenttube/_server/update_server_ajax_impact.php?&set_template_runtime=impact&site_part_runtime=main
File: D:\laragon\www\talenttube\_include\lib\db_common.php
Line: 49
Message: Can't execute query: Unknown database 'talenttube'


Call stack:

File: D:\laragon\www\talenttube\_include\lib\db_common.php (Line: 49)
Function: trigger_error

File: D:\laragon\www\talenttube\_include\lib\db_common.php (Line: 609)
Class: DB_Common
Function: triggerError

File: D:\laragon\www\talenttube\_include\lib\db_common.php (Line: 76)
Class: DB_Common
Function: select_db

File: D:\laragon\www\talenttube\_include\core\start.php (Line: 377)
Class: DB_Common
Function: connect

File: D:\laragon\www\talenttube\_include\core\main_start.php (Line: 12)
Function: include_once

File: D:\laragon\www\talenttube\_server\update_server_ajax_impact.php (Line: 11)
Function: include

$_POST = Array
(
    [cmd] => set_event_window
)

---------

2020-03-12 12:20:38
User_id: 0
Error: E_USER_NOTICE
URL: http://localhost/talenttube/login
File: D:\laragon\www\talenttube\_include\lib\db_common.php
Line: 49
Message: Can't execute query: You have an error in your SQL syntax; check the manual that corresponds to your MySQL server version for the right syntax to use near '== administration' at line 1
SELECT * FROM user  WHERE role == administration

Call stack:

File: D:\laragon\www\talenttube\_include\lib\db_common.php (Line: 49)
Function: trigger_error

File: D:\laragon\www\talenttube\_include\lib\db_mysqli.php (Line: 31)
Class: DB_Common
Function: triggerError

File: D:\laragon\www\talenttube\_include\lib\db_common.php (Line: 287)
Class: DB
Function: driver_query

File: D:\laragon\www\talenttube\join.php (Line: 15)
Class: DB_Common
Function: query

---------

2020-03-12 12:21:23
User_id: 0
Error: E_USER_NOTICE
URL: http://localhost/talenttube/login
File: D:\laragon\www\talenttube\_include\lib\db_common.php
Line: 49
Message: Can't execute query: You have an error in your SQL syntax; check the manual that corresponds to your MySQL server version for the right syntax to use near '== admin' at line 1
SELECT * FROM user  WHERE role == admin

Call stack:

File: D:\laragon\www\talenttube\_include\lib\db_common.php (Line: 49)
Function: trigger_error

File: D:\laragon\www\talenttube\_include\lib\db_mysqli.php (Line: 31)
Class: DB_Common
Function: triggerError

File: D:\laragon\www\talenttube\_include\lib\db_common.php (Line: 287)
Class: DB
Function: driver_query

File: D:\laragon\www\talenttube\join.php (Line: 15)
Class: DB_Common
Function: query

---------

2020-03-12 12:21:35
User_id: 0
Error: E_USER_NOTICE
URL: http://localhost/talenttube/login
File: D:\laragon\www\talenttube\_include\lib\db_common.php
Line: 49
Message: Can't execute query: You have an error in your SQL syntax; check the manual that corresponds to your MySQL server version for the right syntax to use near '== admin' at line 1
SELECT * FROM user  WHERE role == admin

Call stack:

File: D:\laragon\www\talenttube\_include\lib\db_common.php (Line: 49)
Function: trigger_error

File: D:\laragon\www\talenttube\_include\lib\db_mysqli.php (Line: 31)
Class: DB_Common
Function: triggerError

File: D:\laragon\www\talenttube\_include\lib\db_common.php (Line: 287)
Class: DB
Function: driver_query

File: D:\laragon\www\talenttube\join.php (Line: 15)
Class: DB_Common
Function: query

---------

2020-03-12 12:23:04
User_id: 0
Error: E_USER_NOTICE
URL: http://localhost/talenttube/login
File: D:\laragon\www\talenttube\_include\lib\db_common.php
Line: 49
Message: Can't execute query: Unknown column 'user' in 'where clause'
SELECT * FROM user  WHERE role = user

Call stack:

File: D:\laragon\www\talenttube\_include\lib\db_common.php (Line: 49)
Function: trigger_error

File: D:\laragon\www\talenttube\_include\lib\db_mysqli.php (Line: 31)
Class: DB_Common
Function: triggerError

File: D:\laragon\www\talenttube\_include\lib\db_common.php (Line: 287)
Class: DB
Function: driver_query

File: D:\laragon\www\talenttube\join.php (Line: 15)
Class: DB_Common
Function: query

---------

2020-03-12 12:23:33
User_id: 0
Error: E_USER_NOTICE
URL: http://localhost/talenttube/login
File: D:\laragon\www\talenttube\_include\lib\db_common.php
Line: 49
Message: Can't execute query: You have an error in your SQL syntax; check the manual that corresponds to your MySQL server version for the right syntax to use near '== user' at line 1
SELECT * FROM user  WHERE role == user

Call stack:

File: D:\laragon\www\talenttube\_include\lib\db_common.php (Line: 49)
Function: trigger_error

File: D:\laragon\www\talenttube\_include\lib\db_mysqli.php (Line: 31)
Class: DB_Common
Function: triggerError

File: D:\laragon\www\talenttube\_include\lib\db_common.php (Line: 287)
Class: DB
Function: driver_query

File: D:\laragon\www\talenttube\join.php (Line: 15)
Class: DB_Common
Function: query

---------

