2020-02-18 13:48:34
User_id: 0
Error: E_WARNING
URL: http://182.180.54.194/chameleon/_cron/cron.php?step=5
File: /var/www/html/chameleon/_install/install.php
Line: 18
Message: include_once(./_include/lib/db_common.php): failed to open stream: No such file or directory

Call stack:

File: /var/www/html/chameleon/_install/install.php (Line: 18)
Function: include_once

File: /var/www/html/chameleon/_include/core/start.php (Line: 235)
Function: require_once

File: /var/www/html/chameleon/_include/core/main_start.php (Line: 12)
Function: include_once

File: /var/www/html/chameleon/_cron/cron.php (Line: 11)
Function: include

---------

2020-02-18 15:25:45
User_id: 0
Error: E_WARNING
URL: http://182.180.54.194/talenttube/_cron/cron.php?step=5
File: /var/www/html/talenttube/_install/install.php
Line: 18
Message: include_once(./_include/lib/db_common.php): failed to open stream: No such file or directory

Call stack:

File: /var/www/html/talenttube/_install/install.php (Line: 18)
Function: include_once

File: /var/www/html/talenttube/_include/core/start.php (Line: 235)
Function: require_once

File: /var/www/html/talenttube/_include/core/main_start.php (Line: 12)
Function: include_once

File: /var/www/html/talenttube/_cron/cron.php (Line: 11)
Function: include

---------

2020-02-18 15:38:27
User_id: 1
Error: E_USER_NOTICE
URL: http://182.180.54.194/talenttube/join2.php?cmd=check_captcha&ajax=1&set_template_runtime=impact&site_part_runtime=main
File: /var/www/html/talenttube/_include/lib/mail.php
Line: 81
Message: send_mail(): Can't send mail via mail() function

Call stack:

File: /var/www/html/talenttube/_include/lib/mail.php (Line: 81)
Function: trigger_error

File: /var/www/html/talenttube/_include/current/common.class.php (Line: 396)
Function: send_mail

File: /var/www/html/talenttube/_include/current/user.class.php (Line: 532)
Class: Common
Function: sendAutomail

File: /var/www/html/talenttube/join2.php (Line: 56)
Class: User
Function: add

File: /var/www/html/talenttube/_include/core/main_close.php (Line: 16)
Class: CJoin2
Function: action

File: /var/www/html/talenttube/join2.php (Line: 246)
Function: include

$_POST = Array
(
    [captcha] => CPP53
    [photo] => 
    [about_me] => testing account
    [interested_in] => testing
    [join_answers] => Array
        (
            [hair] => no
            [status] => no
            [weight] => yes
            [i_am_here_to] => no
            [height] => yes
        )

)

---------

2020-02-18 15:38:27
User_id: 1
Error: E_USER_NOTICE
URL: http://182.180.54.194/talenttube/join2.php?cmd=check_captcha&ajax=1&set_template_runtime=impact&site_part_runtime=main
File: /var/www/html/talenttube/_include/lib/mail.php
Line: 81
Message: send_mail(): Can't send mail via mail() function

Call stack:

File: /var/www/html/talenttube/_include/lib/mail.php (Line: 81)
Function: trigger_error

File: /var/www/html/talenttube/_include/current/common.class.php (Line: 396)
Function: send_mail

File: /var/www/html/talenttube/_include/current/user.class.php (Line: 540)
Class: Common
Function: sendAutomail

File: /var/www/html/talenttube/join2.php (Line: 56)
Class: User
Function: add

File: /var/www/html/talenttube/_include/core/main_close.php (Line: 16)
Class: CJoin2
Function: action

File: /var/www/html/talenttube/join2.php (Line: 246)
Function: include

$_POST = Array
(
    [captcha] => CPP53
    [photo] => 
    [about_me] => testing account
    [interested_in] => testing
    [join_answers] => Array
        (
            [hair] => no
            [status] => no
            [weight] => yes
            [i_am_here_to] => no
            [height] => yes
        )

)

---------

2020-02-18 15:38:28
User_id: 1
Error: E_USER_NOTICE
URL: http://182.180.54.194/talenttube/join2.php?cmd=check_captcha&ajax=1&set_template_runtime=impact&site_part_runtime=main
File: /var/www/html/talenttube/_include/lib/mail.php
Line: 81
Message: send_mail(): Can't send mail via mail() function

Call stack:

File: /var/www/html/talenttube/_include/lib/mail.php (Line: 81)
Function: trigger_error

File: /var/www/html/talenttube/_include/current/common.class.php (Line: 396)
Function: send_mail

File: /var/www/html/talenttube/_include/lib/user.php (Line: 58)
Class: Common
Function: sendAutomail

File: /var/www/html/talenttube/_include/current/user.class.php (Line: 543)
Function: user_change_email

File: /var/www/html/talenttube/join2.php (Line: 56)
Class: User
Function: add

File: /var/www/html/talenttube/_include/core/main_close.php (Line: 16)
Class: CJoin2
Function: action

File: /var/www/html/talenttube/join2.php (Line: 246)
Function: include

$_POST = Array
(
    [captcha] => CPP53
    [photo] => 
    [about_me] => testing account
    [interested_in] => testing
    [join_answers] => Array
        (
            [hair] => no
            [status] => no
            [weight] => yes
            [i_am_here_to] => no
            [height] => yes
        )

)

---------

