2020-03-10 07:50:30
User_id: 1
Error: E_WARNING
URL: http://localhost/talenttube/resume.php
File: D:\laragon\www\talenttube\resume.php
Line: 24
Message: move_uploaded_file(_files/resumeUpload/5769computer.pdf): failed to open stream: No such file or directory

Call stack:

File: D:\laragon\www\talenttube\resume.php (Line: 24)
Function: move_uploaded_file

$_POST = Array
(
    [submit] => 
)

$_FILES = Array
(
    [resume] => Array
        (
            [name] => computer.pdf
            [type] => application/pdf
            [tmp_name] => C:\Users\s\AppData\Local\Temp\phpCCFA.tmp
            [error] => 0
            [size] => 66556291
        )

)

---------

2020-03-10 08:07:47
User_id: 1
Error: E_WARNING
URL: http://localhost/talenttube/resume.php
File: D:\laragon\www\talenttube\resume.php
Line: 24
Message: move_uploaded_file(_files/resumeUpload/8963Cover letter 1.doc): failed to open stream: No such file or directory

Call stack:

File: D:\laragon\www\talenttube\resume.php (Line: 24)
Function: move_uploaded_file

$_POST = Array
(
    [submit] => 
)

$_FILES = Array
(
    [resume] => Array
        (
            [name] => Cover letter 1.doc
            [type] => application/msword
            [tmp_name] => C:\Users\s\AppData\Local\Temp\phpE8D6.tmp
            [error] => 0
            [size] => 62976
        )

)

---------

2020-03-10 08:09:47
User_id: 1
Error: E_WARNING
URL: http://localhost/talenttube/resume.php
File: D:\laragon\www\talenttube\resume.php
Line: 24
Message: move_uploaded_file(_files/resumeUpload/5095Cover letter 1.doc): failed to open stream: No such file or directory

Call stack:

File: D:\laragon\www\talenttube\resume.php (Line: 24)
Function: move_uploaded_file

$_POST = Array
(
    [submit] => 
)

$_FILES = Array
(
    [resume] => Array
        (
            [name] => Cover letter 1.doc
            [type] => application/msword
            [tmp_name] => C:\Users\s\AppData\Local\Temp\phpBE0F.tmp
            [error] => 0
            [size] => 62976
        )

)

---------

2020-03-10 08:11:25
User_id: 0
Error: E_WARNING
URL: http://localhost/talenttube/_server/update_server_ajax_impact.php?&set_template_runtime=impact&site_part_runtime=main
File: D:\laragon\www\talenttube\_include\lib\db_mysqli.php
Line: 21
Message: mysqli_connect(): (HY000/2002): No connection could be made because the target machine actively refused it.


Call stack:

File: D:\laragon\www\talenttube\_include\lib\db_mysqli.php (Line: 21)
Function: mysqli_connect

File: D:\laragon\www\talenttube\_include\lib\db_common.php (Line: 70)
Class: DB
Function: driver_connect

File: D:\laragon\www\talenttube\_include\core\start.php (Line: 377)
Class: DB_Common
Function: connect

File: D:\laragon\www\talenttube\_include\core\main_start.php (Line: 12)
Function: include_once

File: D:\laragon\www\talenttube\_server\update_server_ajax_impact.php (Line: 11)
Function: include

$_POST = Array
(
    [cmd] => update_im
    [is_visible_messages] => true
    [users_list] => {}
    [users_list_open_im] => {}
    [user_to] => 0
    [display] => open_list_chats
    [last_id] => 0
    [status_writing] => {}
    [is_mode_fb] => true
    [timeout_server] => 15
    [page] => search_results.php
    [request_user_id] => 1
    [city_counter_street_chat] => 0
    [city_counter_games] => 0
    [city_counter] => 0
    [hide_im_on_page_city] => 0
    [geo_position] => Array
        (
            [lat] => 0
            [long] => 0
        )

)

---------

2020-03-10 08:33:56
User_id: 1
Error: E_WARNING
URL: http://localhost/Talenttube/resume.php
File: D:\laragon\www\talenttube\resume.php
Line: 24
Message: move_uploaded_file(_files/resumeUpload/2958Cover letter 1.doc): failed to open stream: No such file or directory

Call stack:

File: D:\laragon\www\talenttube\resume.php (Line: 24)
Function: move_uploaded_file

$_POST = Array
(
    [submit] => 
)

$_FILES = Array
(
    [resume] => Array
        (
            [name] => Cover letter 1.doc
            [type] => application/msword
            [tmp_name] => C:\Users\s\AppData\Local\Temp\phpDA99.tmp
            [error] => 0
            [size] => 62976
        )

)

---------

2020-03-10 08:52:36
User_id: 1
Error: E_NOTICE
URL: http://localhost/talenttube/document.php
File: D:\laragon\www\talenttube\document.php
Line: 4
Message: Undefined variable: con

Call stack:

---------

2020-03-10 08:53:03
User_id: 1
Error: E_WARNING
URL: http://localhost/talenttube/document.php
File: D:\laragon\www\talenttube\document.php
Line: 4
Message: mysqli_query() expects at least 2 parameters, 1 given

Call stack:

File: D:\laragon\www\talenttube\document.php (Line: 4)
Function: mysqli_query

---------

2020-03-10 08:54:24
User_id: 1
Error: E_USER_NOTICE
URL: http://localhost/talenttube/document.php
File: D:\laragon\www\talenttube\_include\lib\db_common.php
Line: 49
Message: Can't execute query: You have an error in your SQL syntax; check the manual that corresponds to your MySQL server version for the right syntax to use near 'id' at line 1
SELECT * from resume order id

Call stack:

File: D:\laragon\www\talenttube\_include\lib\db_common.php (Line: 49)
Function: trigger_error

File: D:\laragon\www\talenttube\_include\lib\db_mysqli.php (Line: 31)
Class: DB_Common
Function: triggerError

File: D:\laragon\www\talenttube\_include\lib\db_common.php (Line: 287)
Class: DB
Function: driver_query

File: D:\laragon\www\talenttube\document.php (Line: 4)
Class: DB_Common
Function: query

---------

2020-03-10 08:57:19
User_id: 1
Error: E_USER_NOTICE
URL: http://localhost/talenttube/document.php
File: D:\laragon\www\talenttube\_include\lib\db_common.php
Line: 49
Message: Can't execute query: You have an error in your SQL syntax; check the manual that corresponds to your MySQL server version for the right syntax to use near 'id' at line 1
SELECT * from resume order id

Call stack:

File: D:\laragon\www\talenttube\_include\lib\db_common.php (Line: 49)
Function: trigger_error

File: D:\laragon\www\talenttube\_include\lib\db_mysqli.php (Line: 31)
Class: DB_Common
Function: triggerError

File: D:\laragon\www\talenttube\_include\lib\db_common.php (Line: 287)
Class: DB
Function: driver_query

File: D:\laragon\www\talenttube\document.php (Line: 4)
Class: DB_Common
Function: query

---------

2020-03-10 08:57:44
User_id: 1
Error: E_USER_NOTICE
URL: http://localhost/talenttube/document.php
File: D:\laragon\www\talenttube\_include\lib\db_common.php
Line: 49
Message: Can't execute query: You have an error in your SQL syntax; check the manual that corresponds to your MySQL server version for the right syntax to use near 'id' at line 1
SELECT * from resume order id

Call stack:

File: D:\laragon\www\talenttube\_include\lib\db_common.php (Line: 49)
Function: trigger_error

File: D:\laragon\www\talenttube\_include\lib\db_mysqli.php (Line: 31)
Class: DB_Common
Function: triggerError

File: D:\laragon\www\talenttube\_include\lib\db_common.php (Line: 287)
Class: DB
Function: driver_query

File: D:\laragon\www\talenttube\document.php (Line: 4)
Class: DB_Common
Function: query

---------

2020-03-10 08:58:11
User_id: 1
Error: E_USER_NOTICE
URL: http://localhost/talenttube/document.php
File: D:\laragon\www\talenttube\_include\lib\db_common.php
Line: 49
Message: Can't execute query: You have an error in your SQL syntax; check the manual that corresponds to your MySQL server version for the right syntax to use near 'id' at line 1
SELECT * from resume order id

Call stack:

File: D:\laragon\www\talenttube\_include\lib\db_common.php (Line: 49)
Function: trigger_error

File: D:\laragon\www\talenttube\_include\lib\db_mysqli.php (Line: 31)
Class: DB_Common
Function: triggerError

File: D:\laragon\www\talenttube\_include\lib\db_common.php (Line: 287)
Class: DB
Function: driver_query

File: D:\laragon\www\talenttube\document.php (Line: 4)
Class: DB_Common
Function: query

---------

2020-03-10 08:58:19
User_id: 1
Error: E_USER_NOTICE
URL: http://localhost/talenttube/document.php
File: D:\laragon\www\talenttube\_include\lib\db_common.php
Line: 49
Message: Can't execute query: You have an error in your SQL syntax; check the manual that corresponds to your MySQL server version for the right syntax to use near 'id' at line 1
SELECT * from resume order id

Call stack:

File: D:\laragon\www\talenttube\_include\lib\db_common.php (Line: 49)
Function: trigger_error

File: D:\laragon\www\talenttube\_include\lib\db_mysqli.php (Line: 31)
Class: DB_Common
Function: triggerError

File: D:\laragon\www\talenttube\_include\lib\db_common.php (Line: 287)
Class: DB
Function: driver_query

File: D:\laragon\www\talenttube\document.php (Line: 4)
Class: DB_Common
Function: query

---------

2020-03-10 09:01:57
User_id: 1
Error: E_WARNING
URL: http://localhost/talenttube/document.php
File: D:\laragon\www\talenttube\document.php
Line: 7
Message: mysqli_query() expects parameter 1 to be mysqli, integer given

Call stack:

File: D:\laragon\www\talenttube\document.php (Line: 7)
Function: mysqli_query

---------

2020-03-10 09:02:50
User_id: 1
Error: E_WARNING
URL: http://localhost/talenttube/document.php
File: D:\laragon\www\talenttube\document.php
Line: 7
Message: mysqli_query() expects parameter 1 to be mysqli, integer given

Call stack:

File: D:\laragon\www\talenttube\document.php (Line: 7)
Function: mysqli_query

---------

2020-03-10 09:26:32
User_id: 1
Error: E_NOTICE
URL: http://localhost/talenttube/document.php
File: D:\laragon\www\talenttube\document.php
Line: 8
Message: Array to string conversion

Call stack:

---------

2020-03-10 09:27:16
User_id: 1
Error: E_NOTICE
URL: http://localhost/talenttube/document.php
File: D:\laragon\www\talenttube\document.php
Line: 6
Message: Array to string conversion

Call stack:

---------

2020-03-10 09:27:22
User_id: 1
Error: E_NOTICE
URL: http://localhost/talenttube/document.php
File: D:\laragon\www\talenttube\document.php
Line: 6
Message: Array to string conversion

Call stack:

---------

2020-03-10 09:30:52
User_id: 1
Error: E_NOTICE
URL: http://localhost/talenttube/document.php
File: D:\laragon\www\talenttube\document.php
Line: 9
Message: Undefined variable: news

Call stack:

---------

2020-03-10 11:01:18
User_id: 1
Error: E_ERROR
URL: http://localhost/talenttube/document.php
File: D:\laragon\www\talenttube\document.php
Line: 3
Message: Uncaught Error: Call to undefined method DB::mysqli_fetch_array() in D:\laragon\www\talenttube\document.php:3
Stack trace:
#0 {main}
  thrown

Call stack:

File:  (Line: )
Function: fatalScriptError

---------

2020-03-10 11:05:03
User_id: 1
Error: E_WARNING
URL: http://localhost/talenttube/resume.php
File: D:\laragon\www\talenttube\_include\lib\db_mysqli.php
Line: 57
Message: mysqli_free_result() expects parameter 1 to be mysqli_result, boolean given

Call stack:

File: D:\laragon\www\talenttube\_include\lib\db_mysqli.php (Line: 57)
Function: mysqli_free_result

File: D:\laragon\www\talenttube\_include\lib\db_common.php (Line: 542)
Class: DB
Function: driver_free_result

File: D:\laragon\www\talenttube\_include\lib\db_common.php (Line: 283)
Class: DB_Common
Function: free_result

File: D:\laragon\www\talenttube\resume.php (Line: 49)
Class: DB_Common
Function: query

$_POST = Array
(
    [submit] => 
)

$_FILES = Array
(
    [resume] => Array
        (
            [name] => computer.pdf
            [type] => application/pdf
            [tmp_name] => C:\Users\s\AppData\Local\Temp\php2584.tmp
            [error] => 0
            [size] => 66556291
        )

)

---------

2020-03-10 11:16:33
User_id: 1
Error: E_WARNING
URL: http://localhost/talenttube/document.php
File: D:\laragon\www\talenttube\document.php
Line: 15
Message: Illegal string offset 'attachment'

Call stack:

---------

2020-03-10 11:16:53
User_id: 1
Error: E_USER_NOTICE
URL: http://localhost/talenttube/document.php
File: D:\laragon\www\talenttube\_include\lib\db_common.php
Line: 49
Message: Can't execute query: You have an error in your SQL syntax; check the manual that corresponds to your MySQL server version for the right syntax to use near 'user_id = 1' at line 1
 SELECT * FROM resume HERE user_id = 1 

Call stack:

File: D:\laragon\www\talenttube\_include\lib\db_common.php (Line: 49)
Function: trigger_error

File: D:\laragon\www\talenttube\_include\lib\db_mysqli.php (Line: 31)
Class: DB_Common
Function: triggerError

File: D:\laragon\www\talenttube\_include\lib\db_common.php (Line: 287)
Class: DB
Function: driver_query

File: D:\laragon\www\talenttube\document.php (Line: 3)
Class: DB_Common
Function: query

---------

2020-03-10 11:17:17
User_id: 1
Error: E_WARNING
URL: http://localhost/talenttube/document.php
File: D:\laragon\www\talenttube\document.php
Line: 15
Message: Illegal string offset 'attachment'

Call stack:

---------

2020-03-10 11:19:59
User_id: 1
Error: E_USER_NOTICE
URL: http://localhost/talenttube/document.php
File: D:\laragon\www\talenttube\_include\lib\db_common.php
Line: 49
Message: Can't execute query: You have an error in your SQL syntax; check the manual that corresponds to your MySQL server version for the right syntax to use near '* FROM resume WHERE id = 4' at line 1
 DELETE * FROM resume WHERE id = 4 

Call stack:

File: D:\laragon\www\talenttube\_include\lib\db_common.php (Line: 49)
Function: trigger_error

File: D:\laragon\www\talenttube\_include\lib\db_mysqli.php (Line: 31)
Class: DB_Common
Function: triggerError

File: D:\laragon\www\talenttube\_include\lib\db_common.php (Line: 287)
Class: DB
Function: driver_query

File: D:\laragon\www\talenttube\document.php (Line: 3)
Class: DB_Common
Function: query

---------

2020-03-10 11:22:05
User_id: 1
Error: E_USER_NOTICE
URL: http://localhost/talenttube/document.php
File: D:\laragon\www\talenttube\_include\lib\db_common.php
Line: 49
Message: Can't execute query: You have an error in your SQL syntax; check the manual that corresponds to your MySQL server version for the right syntax to use near 'FROM resume WHERE id = 4' at line 1
 SELECT FROM resume WHERE id = 4 

Call stack:

File: D:\laragon\www\talenttube\_include\lib\db_common.php (Line: 49)
Function: trigger_error

File: D:\laragon\www\talenttube\_include\lib\db_mysqli.php (Line: 31)
Class: DB_Common
Function: triggerError

File: D:\laragon\www\talenttube\_include\lib\db_common.php (Line: 287)
Class: DB
Function: driver_query

File: D:\laragon\www\talenttube\document.php (Line: 3)
Class: DB_Common
Function: query

---------

2020-03-10 11:22:20
User_id: 1
Error: E_USER_NOTICE
URL: http://localhost/talenttube/document.php
File: D:\laragon\www\talenttube\_include\lib\db_common.php
Line: 49
Message: Can't execute query: You have an error in your SQL syntax; check the manual that corresponds to your MySQL server version for the right syntax to use near 'FROM resume WHERE id = 3' at line 1
 SELECT FROM resume WHERE id = 3 

Call stack:

File: D:\laragon\www\talenttube\_include\lib\db_common.php (Line: 49)
Function: trigger_error

File: D:\laragon\www\talenttube\_include\lib\db_mysqli.php (Line: 31)
Class: DB_Common
Function: triggerError

File: D:\laragon\www\talenttube\_include\lib\db_common.php (Line: 287)
Class: DB
Function: driver_query

File: D:\laragon\www\talenttube\document.php (Line: 3)
Class: DB_Common
Function: query

---------

2020-03-10 11:28:34
User_id: 1
Error: E_WARNING
URL: http://localhost/talenttube/document.php
File: D:\laragon\www\talenttube\document.php
Line: 4
Message: count(): Parameter must be an array or an object that implements Countable

Call stack:

---------

2020-03-10 11:31:49
User_id: 1
Error: E_ERROR
URL: http://localhost/talenttube/document.php
File: D:\laragon\www\talenttube\document.php
Line: 3
Message: Uncaught Error: Call to undefined method DB::mysqli_query() in D:\laragon\www\talenttube\document.php:3
Stack trace:
#0 {main}
  thrown

Call stack:

File:  (Line: )
Function: fatalScriptError

---------

2020-03-10 11:32:04
User_id: 1
Error: E_WARNING
URL: http://localhost/talenttube/document.php
File: D:\laragon\www\talenttube\document.php
Line: 3
Message: mysqli_query() expects at least 2 parameters, 1 given

Call stack:

File: D:\laragon\www\talenttube\document.php (Line: 3)
Function: mysqli_query

---------

2020-03-10 11:32:49
User_id: 1
Error: E_WARNING
URL: http://localhost/talenttube/document.php
File: D:\laragon\www\talenttube\document.php
Line: 3
Message: Use of undefined constant DB - assumed 'DB' (this will throw an Error in a future version of PHP)

Call stack:

---------

2020-03-10 11:37:26
User_id: 1
Error: E_ERROR
URL: http://localhost/talenttube/document.php
File: D:\laragon\www\talenttube\document.php
Line: 4
Message: Uncaught Error: Call to undefined method DB::mysqli_fetch() in D:\laragon\www\talenttube\document.php:4
Stack trace:
#0 {main}
  thrown

Call stack:

File:  (Line: )
Function: fatalScriptError

---------

2020-03-10 11:46:52
User_id: 1
Error: E_NOTICE
URL: http://localhost/talenttube/document.php
File: D:\laragon\www\talenttube\document.php
Line: 8
Message: Undefined variable: upload

Call stack:

---------

2020-03-10 11:55:05
User_id: 1
Error: E_NOTICE
URL: http://localhost/talenttube/document.php
File: D:\laragon\www\talenttube\document.php
Line: 3
Message: Undefined index: user_id

Call stack:

---------

2020-03-10 11:56:22
User_id: 1
Error: E_NOTICE
URL: http://localhost/talenttube/document.php
File: D:\laragon\www\talenttube\document.php
Line: 3
Message: Undefined index: user_id

Call stack:

---------

2020-03-10 11:57:16
User_id: 1
Error: E_NOTICE
URL: http://localhost/talenttube/document.php
File: D:\laragon\www\talenttube\document.php
Line: 3
Message: Undefined index: user_id

Call stack:

---------

2020-03-10 12:00:14
User_id: 1
Error: E_NOTICE
URL: http://localhost/talenttube/document.php
File: D:\laragon\www\talenttube\document.php
Line: 3
Message: Undefined index: name

Call stack:

---------

2020-03-10 12:12:29
User_id: 1
Error: E_WARNING
URL: http://localhost/talenttube/resume.php
File: D:\laragon\www\talenttube\_include\lib\db_mysqli.php
Line: 57
Message: mysqli_free_result() expects parameter 1 to be mysqli_result, boolean given

Call stack:

File: D:\laragon\www\talenttube\_include\lib\db_mysqli.php (Line: 57)
Function: mysqli_free_result

File: D:\laragon\www\talenttube\_include\lib\db_common.php (Line: 542)
Class: DB
Function: driver_free_result

File: D:\laragon\www\talenttube\_include\lib\db_common.php (Line: 283)
Class: DB_Common
Function: free_result

File: D:\laragon\www\talenttube\resume.php (Line: 49)
Class: DB_Common
Function: query

$_POST = Array
(
    [submit] => 
)

$_FILES = Array
(
    [resume] => Array
        (
            [name] => 
            [type] => 
            [tmp_name] => 
            [error] => 4
            [size] => 0
        )

)

---------

2020-03-10 12:13:43
User_id: 1
Error: E_WARNING
URL: http://localhost/talenttube/resume.php
File: D:\laragon\www\talenttube\_include\lib\db_mysqli.php
Line: 57
Message: mysqli_free_result() expects parameter 1 to be mysqli_result, boolean given

Call stack:

File: D:\laragon\www\talenttube\_include\lib\db_mysqli.php (Line: 57)
Function: mysqli_free_result

File: D:\laragon\www\talenttube\_include\lib\db_common.php (Line: 542)
Class: DB
Function: driver_free_result

File: D:\laragon\www\talenttube\_include\lib\db_common.php (Line: 283)
Class: DB_Common
Function: free_result

File: D:\laragon\www\talenttube\resume.php (Line: 49)
Class: DB_Common
Function: query

$_POST = Array
(
    [submit] => 
)

$_FILES = Array
(
    [resume] => Array
        (
            [name] => CV.pdf
            [type] => application/pdf
            [tmp_name] => C:\Users\s\AppData\Local\Temp\php1003.tmp
            [error] => 0
            [size] => 399606
        )

)

---------

2020-03-10 12:27:26
User_id: 1
Error: E_WARNING
URL: http://localhost/talenttube/resume.php
File: D:\laragon\www\talenttube\_include\lib\db_mysqli.php
Line: 57
Message: mysqli_free_result() expects parameter 1 to be mysqli_result, boolean given

Call stack:

File: D:\laragon\www\talenttube\_include\lib\db_mysqli.php (Line: 57)
Function: mysqli_free_result

File: D:\laragon\www\talenttube\_include\lib\db_common.php (Line: 542)
Class: DB
Function: driver_free_result

File: D:\laragon\www\talenttube\_include\lib\db_common.php (Line: 283)
Class: DB_Common
Function: free_result

File: D:\laragon\www\talenttube\resume.php (Line: 49)
Class: DB_Common
Function: query

$_POST = Array
(
    [submit] => 
)

$_FILES = Array
(
    [resume] => Array
        (
            [name] => CV.pdf
            [type] => application/pdf
            [tmp_name] => C:\Users\s\AppData\Local\Temp\phpA023.tmp
            [error] => 0
            [size] => 399606
        )

)

---------

2020-03-10 12:32:15
User_id: 1
Error: E_WARNING
URL: http://localhost/talenttube/document.php
File: D:\laragon\www\talenttube\_include\lib\db_common.php
Line: 307
Message: Illegal offset type

Call stack:

File: D:\laragon\www\talenttube\document.php (Line: 29)
Class: DB_Common
Function: fetch_row

---------

2020-03-10 12:32:50
User_id: 1
Error: E_WARNING
URL: http://localhost/talenttube/resume.php
File: D:\laragon\www\talenttube\_include\lib\db_mysqli.php
Line: 57
Message: mysqli_free_result() expects parameter 1 to be mysqli_result, boolean given

Call stack:

File: D:\laragon\www\talenttube\_include\lib\db_mysqli.php (Line: 57)
Function: mysqli_free_result

File: D:\laragon\www\talenttube\_include\lib\db_common.php (Line: 542)
Class: DB
Function: driver_free_result

File: D:\laragon\www\talenttube\_include\lib\db_common.php (Line: 283)
Class: DB_Common
Function: free_result

File: D:\laragon\www\talenttube\resume.php (Line: 49)
Class: DB_Common
Function: query

$_POST = Array
(
    [submit] => 
)

$_FILES = Array
(
    [resume] => Array
        (
            [name] => CV.pdf
            [type] => application/pdf
            [tmp_name] => C:\Users\s\AppData\Local\Temp\php93F4.tmp
            [error] => 0
            [size] => 399606
        )

)

---------

2020-03-10 12:34:32
User_id: 1
Error: E_WARNING
URL: http://localhost/talenttube/resume.php
File: D:\laragon\www\talenttube\_include\lib\db_mysqli.php
Line: 57
Message: mysqli_free_result() expects parameter 1 to be mysqli_result, boolean given

Call stack:

File: D:\laragon\www\talenttube\_include\lib\db_mysqli.php (Line: 57)
Function: mysqli_free_result

File: D:\laragon\www\talenttube\_include\lib\db_common.php (Line: 542)
Class: DB
Function: driver_free_result

File: D:\laragon\www\talenttube\_include\lib\db_common.php (Line: 283)
Class: DB_Common
Function: free_result

File: D:\laragon\www\talenttube\resume.php (Line: 49)
Class: DB_Common
Function: query

$_POST = Array
(
    [submit] => 
)

$_FILES = Array
(
    [resume] => Array
        (
            [name] => CV.pdf
            [type] => application/pdf
            [tmp_name] => C:\Users\s\AppData\Local\Temp\php1F14.tmp
            [error] => 0
            [size] => 399606
        )

)

---------

2020-03-10 12:34:46
User_id: 1
Error: E_WARNING
URL: http://localhost/talenttube/resume.php
File: D:\laragon\www\talenttube\_include\lib\db_mysqli.php
Line: 57
Message: mysqli_free_result() expects parameter 1 to be mysqli_result, boolean given

Call stack:

File: D:\laragon\www\talenttube\_include\lib\db_mysqli.php (Line: 57)
Function: mysqli_free_result

File: D:\laragon\www\talenttube\_include\lib\db_common.php (Line: 542)
Class: DB
Function: driver_free_result

File: D:\laragon\www\talenttube\_include\lib\db_common.php (Line: 283)
Class: DB_Common
Function: free_result

File: D:\laragon\www\talenttube\resume.php (Line: 49)
Class: DB_Common
Function: query

$_POST = Array
(
    [submit] => 
)

$_FILES = Array
(
    [resume] => Array
        (
            [name] => CV_CV.doc
            [type] => application/msword
            [tmp_name] => C:\Users\s\AppData\Local\Temp\php584D.tmp
            [error] => 0
            [size] => 75264
        )

)

---------

2020-03-10 12:37:41
User_id: 1
Error: E_WARNING
URL: http://localhost/talenttube/resume.php
File: D:\laragon\www\talenttube\_include\lib\db_mysqli.php
Line: 57
Message: mysqli_free_result() expects parameter 1 to be mysqli_result, boolean given

Call stack:

File: D:\laragon\www\talenttube\_include\lib\db_mysqli.php (Line: 57)
Function: mysqli_free_result

File: D:\laragon\www\talenttube\_include\lib\db_common.php (Line: 542)
Class: DB
Function: driver_free_result

File: D:\laragon\www\talenttube\_include\lib\db_common.php (Line: 283)
Class: DB_Common
Function: free_result

File: D:\laragon\www\talenttube\resume.php (Line: 49)
Class: DB_Common
Function: query

$_POST = Array
(
    [submit] => 
)

$_FILES = Array
(
    [resume] => Array
        (
            [name] => CV.pdf
            [type] => application/pdf
            [tmp_name] => C:\Users\s\AppData\Local\Temp\php2EE.tmp
            [error] => 0
            [size] => 399606
        )

)

---------

2020-03-10 12:38:16
User_id: 1
Error: E_WARNING
URL: http://localhost/talenttube/resume.php
File: D:\laragon\www\talenttube\_include\lib\db_mysqli.php
Line: 57
Message: mysqli_free_result() expects parameter 1 to be mysqli_result, boolean given

Call stack:

File: D:\laragon\www\talenttube\_include\lib\db_mysqli.php (Line: 57)
Function: mysqli_free_result

File: D:\laragon\www\talenttube\_include\lib\db_common.php (Line: 542)
Class: DB
Function: driver_free_result

File: D:\laragon\www\talenttube\_include\lib\db_common.php (Line: 283)
Class: DB_Common
Function: free_result

File: D:\laragon\www\talenttube\resume.php (Line: 49)
Class: DB_Common
Function: query

$_POST = Array
(
    [submit] => 
)

$_FILES = Array
(
    [resume] => Array
        (
            [name] => CV_CV.doc
            [type] => application/msword
            [tmp_name] => C:\Users\s\AppData\Local\Temp\php8CA8.tmp
            [error] => 0
            [size] => 75264
        )

)

---------

2020-03-10 12:42:50
User_id: 1
Error: E_NOTICE
URL: http://localhost/talenttube/document.php
File: D:\laragon\www\talenttube\document.php
Line: 43
Message: Undefined variable: cat

Call stack:

---------

