2020-04-06 09:51:59
User_id: 0
Error: E_NOTICE
URL: http://localhost/talenttube/search_results.php?join_search_page=1&ajax=1&set_template_runtime=impact&site_part_runtime=main
File: F:\xampp\htdocs\talenttube\_include\current\userslist.class.php
Line: 446
Message: Undefined index: orientation

Call stack:

File: F:\xampp\htdocs\talenttube\search_results.php (Line: 1017)
Class: Users_List
Function: show

$_POST = Array
(
    [with_photo] => 1
    [join_answers] => Array
        (
            [resident ] => yes
            [casual_part] => yes
            [relocate] => yes
            [job_type] => yes
            [work_type] => yes
        )

)

---------

2020-04-06 10:24:26
User_id: 20
Error: E_ERROR
URL: http://localhost/talenttube/fast6
File: F:\xampp\htdocs\talenttube\_include\current\userslist.class.php
Line: 392
Message: Uncaught Error: Class 'CUsersProfile' not found in F:\xampp\htdocs\talenttube\_include\current\userslist.class.php:392
Stack trace:
#0 F:\xampp\htdocs\talenttube\search_results.php(1017): Users_List::show('(u.set_hide_my_...', '', ' LEFT JOIN user...', 'search_results....', '', false)
#1 F:\xampp\htdocs\talenttube\router.php(16): include('F:\\xampp\\htdocs...')
#2 {main}
  thrown

Call stack:

File:  (Line: )
Function: fatalScriptError

---------

2020-04-06 10:36:15
User_id: 20
Error: E_PARSE
URL: http://localhost/talenttube/fast6
File: F:\xampp\htdocs\talenttube\_include\current\users.php
Line: 2789
Message: syntax error, unexpected end of file, expecting function (T_FUNCTION) or const (T_CONST)

Call stack:

File:  (Line: )
Function: fatalScriptError

---------

2020-04-06 10:36:45
User_id: 20
Error: E_PARSE
URL: http://localhost/talenttube/fast6
File: F:\xampp\htdocs\talenttube\_include\current\users.php
Line: 2789
Message: syntax error, unexpected 'print_r' (T_STRING), expecting function (T_FUNCTION) or const (T_CONST)

Call stack:

File:  (Line: )
Function: fatalScriptError

---------

2020-04-06 10:40:20
User_id: 20
Error: E_PARSE
URL: http://localhost/talenttube/fast6
File: F:\xampp\htdocs\talenttube\_include\current\users.php
Line: 2789
Message: syntax error, unexpected 'm' (T_STRING), expecting function (T_FUNCTION) or const (T_CONST)

Call stack:

File:  (Line: )
Function: fatalScriptError

---------

2020-04-06 10:40:46
User_id: 20
Error: E_PARSE
URL: http://localhost/talenttube/fast6
File: F:\xampp\htdocs\talenttube\_include\current\users.php
Line: 2789
Message: syntax error, unexpected end of file, expecting function (T_FUNCTION) or const (T_CONST)

Call stack:

File:  (Line: )
Function: fatalScriptError

---------

2020-04-06 10:41:07
User_id: 20
Error: E_PARSE
URL: http://localhost/talenttube/fast6
File: F:\xampp\htdocs\talenttube\_include\current\users.php
Line: 2789
Message: syntax error, unexpected 'm' (T_STRING), expecting function (T_FUNCTION) or const (T_CONST)

Call stack:

File:  (Line: )
Function: fatalScriptError

---------

2020-04-06 10:44:08
User_id: 20
Error: E_PARSE
URL: http://localhost/talenttube/fast6
File: F:\xampp\htdocs\talenttube\_include\current\users.php
Line: 841
Message: syntax error, unexpected 'User' (T_STRING), expecting function (T_FUNCTION) or const (T_CONST)

Call stack:

File:  (Line: )
Function: fatalScriptError

---------

2020-04-06 10:45:59
User_id: 20
Error: E_PARSE
URL: http://localhost/talenttube/fast6
File: F:\xampp\htdocs\talenttube\_include\current\users.php
Line: 833
Message: syntax error, unexpected ';', expecting ')'

Call stack:

File:  (Line: )
Function: fatalScriptError

---------

2020-04-06 12:21:15
User_id: 20
Error: E_ERROR
URL: http://localhost/talenttube/fast6
File: F:\xampp\htdocs\talenttube\_include\current\userslist.class.php
Line: 392
Message: Uncaught Error: Class 'CUsersProfile' not found in F:\xampp\htdocs\talenttube\_include\current\userslist.class.php:392
Stack trace:
#0 F:\xampp\htdocs\talenttube\search_results.php(1017): Users_List::show('(u.set_hide_my_...', '', ' LEFT JOIN user...', 'search_results....', '', false)
#1 F:\xampp\htdocs\talenttube\router.php(16): include('F:\\xampp\\htdocs...')
#2 {main}
  thrown

Call stack:

File:  (Line: )
Function: fatalScriptError

---------

2020-04-06 13:39:36
User_id: 20
Error: E_NOTICE
URL: http://localhost/talenttube/fast6
File: F:\xampp\htdocs\talenttube\_include\current\users.php
Line: 2792
Message: Undefined variable: g_user

Call stack:

File: F:\xampp\htdocs\talenttube\_include\core\autoloader.php (Line: 1)
Function: include_once

File:  (Line: )
Function: autoloader

File: F:\xampp\htdocs\talenttube\_include\current\userslist.class.php (Line: 392)
Function: spl_autoload_call

File: F:\xampp\htdocs\talenttube\search_results.php (Line: 1017)
Class: Users_List
Function: show

File: F:\xampp\htdocs\talenttube\router.php (Line: 16)
Function: include

---------

2020-04-06 13:41:08
User_id: 20
Error: E_NOTICE
URL: http://localhost/talenttube/fast6
File: F:\xampp\htdocs\talenttube\_include\current\users.php
Line: 2792
Message: Undefined variable: g_user

Call stack:

File: F:\xampp\htdocs\talenttube\_include\core\autoloader.php (Line: 1)
Function: include_once

File:  (Line: )
Function: autoloader

File: F:\xampp\htdocs\talenttube\_include\current\userslist.class.php (Line: 392)
Function: spl_autoload_call

File: F:\xampp\htdocs\talenttube\search_results.php (Line: 1017)
Class: Users_List
Function: show

File: F:\xampp\htdocs\talenttube\router.php (Line: 16)
Function: include

---------

2020-04-06 14:08:50
User_id: 20
Error: E_ERROR
URL: http://localhost/talenttube/fast6
File: F:\xampp\htdocs\talenttube\_include\current\cheader.class.php
Line: 1630
Message: Uncaught Error: Call to undefined method Common::isEnabledAutoMail() in F:\xampp\htdocs\talenttube\_include\current\cheader.class.php:1630
Stack trace:
#0 F:\xampp\htdocs\talenttube\_include\lib\block.php(295): CHeader->parseBlock(Object(CHtml))
#1 F:\xampp\htdocs\talenttube\_include\lib\block.php(278): CHtmlBlock->parse(Object(CHtml))
#2 F:\xampp\htdocs\talenttube\_include\core\main_close.php(19): CHtmlBlock->parse(NULL)
#3 F:\xampp\htdocs\talenttube\search_results.php(1019): include('F:\\xampp\\htdocs...')
#4 F:\xampp\htdocs\talenttube\router.php(16): include('F:\\xampp\\htdocs...')
#5 {main}
  thrown

Call stack:

File:  (Line: )
Function: fatalScriptError

---------

